#
# There is insufficient memory for the Java Runtime Environment to continue.
# Native memory allocation (malloc) failed to allocate 2052528 bytes. Error detail: Chunk::new
# Possible reasons:
#   The system is out of physical RAM or swap space
#   This process is running with CompressedOops enabled, and the Java Heap may be blocking the growth of the native heap
# Possible solutions:
#   Reduce memory load on the system
#   Increase physical memory or swap space
#   Check if swap backing store is full
#   Decrease Java heap size (-Xmx/-Xms)
#   Decrease number of Java threads
#   Decrease Java thread stack sizes (-Xss)
#   Set larger code cache with -XX:ReservedCodeCacheSize=
#   JVM is running with Unscaled Compressed Oops mode in which the Java heap is
#     placed in the first 4GB address space. The Java Heap base address is the
#     maximum limit for the native heap growth. Please use -XX:HeapBaseMinAddress
#     to set the Java Heap base and to place the Java Heap above 4GB virtual address.
# This output file may be truncated or incomplete.
#
#  Out of Memory Error (arena.cpp:168), pid=2304, tid=11868
#
# JRE version: OpenJDK Runtime Environment Temurin-21.0.8+9 (21.0.8+9) (build 21.0.8+9-LTS)
# Java VM: OpenJDK 64-Bit Server VM Temurin-21.0.8+9 (21.0.8+9-LTS, mixed mode, sharing, tiered, compressed oops, compressed class ptrs, parallel gc, windows-amd64)
# No core dump will be written. Minidumps are not enabled by default on client versions of Windows
#

---------------  S U M M A R Y ------------

Command Line: --add-modules=ALL-SYSTEM --add-opens=java.base/java.util=ALL-UNNAMED --add-opens=java.base/java.lang=ALL-UNNAMED --add-opens=java.base/sun.nio.fs=ALL-UNNAMED -Declipse.application=org.eclipse.jdt.ls.core.id1 -Dosgi.bundles.defaultStartLevel=4 -Declipse.product=org.eclipse.jdt.ls.core.product -Djava.import.generatesMetadataFilesAtProjectRoot=false -DDetectVMInstallationsJob.disabled=true -Dfile.encoding=utf8 -XX:+UseParallelGC -XX:GCTimeRatio=4 -XX:AdaptiveSizePolicyWeight=90 -Dsun.zip.disableMemoryMapping=true -Xmx2G -Xms100m -Xlog:disable -javaagent:c:\Users\ANLLY\.vscode\extensions\redhat.java-1.46.0-win32-x64\lombok\lombok-1.18.39-4050.jar -XX:+HeapDumpOnOutOfMemoryError -XX:HeapDumpPath=c:\Users\ANLLY\AppData\Roaming\Code\User\workspaceStorage\9f3884d0660570af0be8c3bc92aa5f27\redhat.java -Daether.dependencyCollector.impl=bf c:\Users\ANLLY\.vscode\extensions\redhat.java-1.46.0-win32-x64\server\plugins\org.eclipse.equinox.launcher_1.7.0.v20250519-0528.jar -configuration c:\Users\ANLLY\AppData\Roaming\Code\User\globalStorage\redhat.java\1.46.0\config_win -data c:\Users\ANLLY\AppData\Roaming\Code\User\workspaceStorage\9f3884d0660570af0be8c3bc92aa5f27\redhat.java\jdt_ws --pipe=\\.\pipe\lsp-6f30b6c3258866613614b99dd296eb1a-sock

Host: Intel(R) Core(TM) i5-1035G4 CPU @ 1.10GHz, 8 cores, 11G,  Windows 11 , 64 bit Build 26100 (10.0.26100.6725)
Time: Sat Oct 25 12:03:30 2025 Hora est. Pacífico, Sudamérica elapsed time: 1203.507749 seconds (0d 0h 20m 3s)

---------------  T H R E A D  ---------------

Current thread (0x00000207962fd200):  JavaThread "C2 CompilerThread0" daemon [_thread_in_native, id=11868, stack(0x000000e60a600000,0x000000e60a700000) (1024K)]


Current CompileTask:
C2:1203507 13655   !   4       com.google.gson.internal.bind.ReflectiveTypeAdapterFactory$2::write (140 bytes)

Stack: [0x000000e60a600000,0x000000e60a700000]
Native frames: (J=compiled Java code, j=interpreted, Vv=VM code, C=native code)
V  [jvm.dll+0x6d2449]
V  [jvm.dll+0x8ae341]
V  [jvm.dll+0x8b08be]
V  [jvm.dll+0x8b0fa3]
V  [jvm.dll+0x280c96]
V  [jvm.dll+0xc581d]
V  [jvm.dll+0xc5d53]
V  [jvm.dll+0x3b919c]
V  [jvm.dll+0x1e1409]
V  [jvm.dll+0x249022]
V  [jvm.dll+0x2484af]
V  [jvm.dll+0x1c89ee]
V  [jvm.dll+0x257d4d]
V  [jvm.dll+0x2562ea]
V  [jvm.dll+0x3f2d16]
V  [jvm.dll+0x857e6b]
V  [jvm.dll+0x6d0b0d]
C  [ucrtbase.dll+0x37b0]
C  [KERNEL32.DLL+0x2e8d7]
C  [ntdll.dll+0x8c53c]


---------------  P R O C E S S  ---------------

Threads class SMR info:
_java_thread_list=0x00000207dea1f2b0, length=35, elements={
0x00000207fe7cd860, 0x00000207962edbb0, 0x00000207962f0dd0, 0x00000207962f3570,
0x00000207962f4570, 0x00000207962f5f80, 0x00000207962f9180, 0x00000207962fd200,
0x00000207dd04a550, 0x00000207dd0d6100, 0x00000207dd324dc0, 0x00000207ddae29f0,
0x00000207dd6a8b70, 0x00000207ddd1c290, 0x00000207ddd1c8f0, 0x00000207ddc09d40,
0x00000207ddd6c7d0, 0x00000207de31d6e0, 0x00000207de31f120, 0x00000207de31dd70,
0x00000207de31fe40, 0x00000207e05248a0, 0x00000207e05227d0, 0x00000207e05234f0,
0x00000207e0523b80, 0x00000207e0524210, 0x00000207e0524f30, 0x00000207e0521ab0,
0x00000207e0522140, 0x00000207e2335d00, 0x00000207e2334950, 0x00000207e2334fe0,
0x00000207e23342c0, 0x00000207e2332880, 0x00000207e23335a0
}

Java Threads: ( => current thread )
  0x00000207fe7cd860 JavaThread "main"                              [_thread_blocked, id=424, stack(0x000000e609c00000,0x000000e609d00000) (1024K)]
  0x00000207962edbb0 JavaThread "Reference Handler"          daemon [_thread_blocked, id=19468, stack(0x000000e60a000000,0x000000e60a100000) (1024K)]
  0x00000207962f0dd0 JavaThread "Finalizer"                  daemon [_thread_blocked, id=5772, stack(0x000000e60a100000,0x000000e60a200000) (1024K)]
  0x00000207962f3570 JavaThread "Signal Dispatcher"          daemon [_thread_blocked, id=20804, stack(0x000000e60a200000,0x000000e60a300000) (1024K)]
  0x00000207962f4570 JavaThread "Attach Listener"            daemon [_thread_blocked, id=8760, stack(0x000000e60a300000,0x000000e60a400000) (1024K)]
  0x00000207962f5f80 JavaThread "Service Thread"             daemon [_thread_blocked, id=5200, stack(0x000000e60a400000,0x000000e60a500000) (1024K)]
  0x00000207962f9180 JavaThread "Monitor Deflation Thread"   daemon [_thread_blocked, id=16180, stack(0x000000e60a500000,0x000000e60a600000) (1024K)]
=>0x00000207962fd200 JavaThread "C2 CompilerThread0"         daemon [_thread_in_native, id=11868, stack(0x000000e60a600000,0x000000e60a700000) (1024K)]
  0x00000207dd04a550 JavaThread "C1 CompilerThread0"         daemon [_thread_blocked, id=8276, stack(0x000000e60a700000,0x000000e60a800000) (1024K)]
  0x00000207dd0d6100 JavaThread "Common-Cleaner"             daemon [_thread_blocked, id=2424, stack(0x000000e60a800000,0x000000e60a900000) (1024K)]
  0x00000207dd324dc0 JavaThread "Notification Thread"        daemon [_thread_blocked, id=16124, stack(0x000000e60a900000,0x000000e60aa00000) (1024K)]
  0x00000207ddae29f0 JavaThread "Active Thread: Equinox Container: e036a83c-9dd9-47e3-96f1-f0f94869ed8c"        [_thread_blocked, id=7272, stack(0x000000e60b100000,0x000000e60b200000) (1024K)]
  0x00000207dd6a8b70 JavaThread "Refresh Thread: Equinox Container: e036a83c-9dd9-47e3-96f1-f0f94869ed8c" daemon [_thread_blocked, id=7760, stack(0x000000e60b300000,0x000000e60b400000) (1024K)]
  0x00000207ddd1c290 JavaThread "Framework Event Dispatcher: Equinox Container: e036a83c-9dd9-47e3-96f1-f0f94869ed8c" daemon [_thread_blocked, id=10012, stack(0x000000e60b400000,0x000000e60b500000) (1024K)]
  0x00000207ddd1c8f0 JavaThread "Start Level: Equinox Container: e036a83c-9dd9-47e3-96f1-f0f94869ed8c" daemon [_thread_blocked, id=8360, stack(0x000000e60b500000,0x000000e60b600000) (1024K)]
  0x00000207ddc09d40 JavaThread "Bundle File Closer"         daemon [_thread_blocked, id=22116, stack(0x000000e60b600000,0x000000e60b700000) (1024K)]
  0x00000207ddd6c7d0 JavaThread "SCR Component Actor"        daemon [_thread_blocked, id=4376, stack(0x000000e60aa00000,0x000000e60ab00000) (1024K)]
  0x00000207de31d6e0 JavaThread "Worker-JM"                         [_thread_blocked, id=4684, stack(0x000000e60b700000,0x000000e60b800000) (1024K)]
  0x00000207de31f120 JavaThread "Worker-1"                          [_thread_blocked, id=15268, stack(0x000000e60b900000,0x000000e60ba00000) (1024K)]
  0x00000207de31dd70 JavaThread "Java indexing"              daemon [_thread_blocked, id=6424, stack(0x000000e60bd00000,0x000000e60be00000) (1024K)]
  0x00000207de31fe40 JavaThread "JNA Cleaner"                daemon [_thread_blocked, id=20932, stack(0x000000e60bf00000,0x000000e60c000000) (1024K)]
  0x00000207e05248a0 JavaThread "Thread-1"                   daemon [_thread_in_native, id=15944, stack(0x000000e60c400000,0x000000e60c500000) (1024K)]
  0x00000207e05227d0 JavaThread "Thread-2"                   daemon [_thread_in_native, id=11520, stack(0x000000e60c500000,0x000000e60c600000) (1024K)]
  0x00000207e05234f0 JavaThread "Thread-3"                   daemon [_thread_in_native, id=5156, stack(0x000000e60c600000,0x000000e60c700000) (1024K)]
  0x00000207e0523b80 JavaThread "Thread-4"                   daemon [_thread_in_native, id=18140, stack(0x000000e60c700000,0x000000e60c800000) (1024K)]
  0x00000207e0524210 JavaThread "Thread-5"                   daemon [_thread_in_native, id=15060, stack(0x000000e60c800000,0x000000e60c900000) (1024K)]
  0x00000207e0524f30 JavaThread "Thread-6"                   daemon [_thread_in_native, id=3712, stack(0x000000e60c900000,0x000000e60ca00000) (1024K)]
  0x00000207e0521ab0 JavaThread "Thread-7"                   daemon [_thread_in_native, id=22320, stack(0x000000e60ca00000,0x000000e60cb00000) (1024K)]
  0x00000207e0522140 JavaThread "Thread-8"                   daemon [_thread_in_native, id=6784, stack(0x000000e60cb00000,0x000000e60cc00000) (1024K)]
  0x00000207e2335d00 JavaThread "Thread-9"                   daemon [_thread_in_native, id=10448, stack(0x000000e60cc00000,0x000000e60cd00000) (1024K)]
  0x00000207e2334950 JavaThread "pool-2-thread-1"                   [_thread_blocked, id=2260, stack(0x000000e60cd00000,0x000000e60ce00000) (1024K)]
  0x00000207e2334fe0 JavaThread "WorkspaceEventsHandler"            [_thread_blocked, id=14808, stack(0x000000e60cf00000,0x000000e60d000000) (1024K)]
  0x00000207e23342c0 JavaThread "pool-1-thread-1"                   [_thread_blocked, id=10180, stack(0x000000e60d000000,0x000000e60d100000) (1024K)]
  0x00000207e2332880 JavaThread "Worker-8"                          [_thread_blocked, id=5700, stack(0x000000e609a00000,0x000000e609b00000) (1024K)]
  0x00000207e23335a0 JavaThread "ForkJoinPool.commonPool-worker-8" daemon [_thread_blocked, id=18796, stack(0x000000e609900000,0x000000e609a00000) (1024K)]
Total: 35

Other Threads:
  0x00000207fe88e830 VMThread "VM Thread"                           [id=3352, stack(0x000000e609f00000,0x000000e60a000000) (1024K)]
  0x00000207fe83afe0 WatcherThread "VM Periodic Task Thread"        [id=13956, stack(0x000000e609e00000,0x000000e609f00000) (1024K)]
  0x00000207fe7ebc60 WorkerThread "GC Thread#0"                     [id=12280, stack(0x000000e609d00000,0x000000e609e00000) (1024K)]
  0x00000207dd9d0e90 WorkerThread "GC Thread#1"                     [id=15212, stack(0x000000e60ab00000,0x000000e60ac00000) (1024K)]
  0x00000207dd843370 WorkerThread "GC Thread#2"                     [id=2528, stack(0x000000e60ac00000,0x000000e60ad00000) (1024K)]
  0x00000207dd843710 WorkerThread "GC Thread#3"                     [id=19136, stack(0x000000e60ad00000,0x000000e60ae00000) (1024K)]
  0x00000207ddb42680 WorkerThread "GC Thread#4"                     [id=13996, stack(0x000000e60ae00000,0x000000e60af00000) (1024K)]
  0x00000207ddb42a20 WorkerThread "GC Thread#5"                     [id=8644, stack(0x000000e60af00000,0x000000e60b000000) (1024K)]
  0x00000207dd9d3480 WorkerThread "GC Thread#6"                     [id=15240, stack(0x000000e60b000000,0x000000e60b100000) (1024K)]
  0x00000207dd6b0aa0 WorkerThread "GC Thread#7"                     [id=20892, stack(0x000000e60b200000,0x000000e60b300000) (1024K)]
Total: 10

Threads with active compile tasks:
C2 CompilerThread0  1203558 13655   !   4       com.google.gson.internal.bind.ReflectiveTypeAdapterFactory$2::write (140 bytes)
Total: 1

VM state: not at safepoint (normal execution)

VM Mutex/Monitor currently owned by a thread: None

Heap address: 0x0000000080000000, size: 2048 MB, Compressed Oops mode: 32-bit

CDS archive(s) mapped at: [0x0000020797000000-0x0000020797ba0000-0x0000020797ba0000), size 12189696, SharedBaseAddress: 0x0000020797000000, ArchiveRelocationMode: 1.
Compressed class space mapped at: 0x0000020798000000-0x00000207d8000000, reserved size: 1073741824
Narrow klass base: 0x0000020797000000, Narrow klass shift: 0, Narrow klass range: 0x100000000

GC Precious Log:
 CardTable entry size: 512
 CPUs: 8 total, 8 available
 Memory: 12030M
 Large Page Support: Disabled
 NUMA Support: Disabled
 Compressed Oops: Enabled (32-bit)
 Alignments: Space 512K, Generation 512K, Heap 2M
 Heap Min Capacity: 100M
 Heap Initial Capacity: 100M
 Heap Max Capacity: 2G
 Pre-touch: Disabled
 Parallel Workers: 8

Heap:
 PSYoungGen      total 6656K, used 3045K [0x00000000d5580000, 0x00000000d5e00000, 0x0000000100000000)
  eden space 5632K, 38% used [0x00000000d5580000,0x00000000d57a1410,0x00000000d5b00000)
  from space 1024K, 84% used [0x00000000d5b00000,0x00000000d5bd8000,0x00000000d5c00000)
  to   space 1536K, 0% used [0x00000000d5c80000,0x00000000d5c80000,0x00000000d5e00000)
 ParOldGen       total 736256K, used 736059K [0x0000000080000000, 0x00000000acf00000, 0x00000000d5580000)
  object space 736256K, 99% used [0x0000000080000000,0x00000000acecee98,0x00000000acf00000)
 Metaspace       used 71152K, committed 72768K, reserved 1114112K
  class space    used 7700K, committed 8384K, reserved 1048576K

Card table byte_map: [0x00000207fe170000,0x00000207fe580000] _byte_map_base: 0x00000207fdd70000

Marking Bits: (ParMarkBitMap*) 0x00007ffed2a8a340
 Begin Bits: [0x0000020792130000, 0x0000020794130000)
 End Bits:   [0x0000020794130000, 0x0000020796130000)

Polling page: 0x00000207fdda0000

Metaspace:

Usage:
  Non-class:     61.96 MB used.
      Class:      7.52 MB used.
       Both:     69.48 MB used.

Virtual space:
  Non-class space:       64.00 MB reserved,      62.88 MB ( 98%) committed,  1 nodes.
      Class space:        1.00 GB reserved,       8.19 MB ( <1%) committed,  1 nodes.
             Both:        1.06 GB reserved,      71.06 MB (  7%) committed. 

Chunk freelists:
   Non-Class:  770.00 KB
       Class:  7.77 MB
        Both:  8.52 MB

MaxMetaspaceSize: unlimited
CompressedClassSpaceSize: 1.00 GB
Initial GC threshold: 21.00 MB
Current GC threshold: 97.31 MB
CDS: on
 - commit_granule_bytes: 65536.
 - commit_granule_words: 8192.
 - virtual_space_node_default_size: 8388608.
 - enlarge_chunks_in_place: 1.
 - use_allocation_guard: 0.


Internal statistics:

num_allocs_failed_limit: 9.
num_arena_births: 1296.
num_arena_deaths: 44.
num_vsnodes_births: 2.
num_vsnodes_deaths: 0.
num_space_committed: 1137.
num_space_uncommitted: 0.
num_chunks_returned_to_freelist: 64.
num_chunks_taken_from_freelist: 4479.
num_chunk_merges: 19.
num_chunk_splits: 2742.
num_chunks_enlarged: 1535.
num_inconsistent_stats: 0.

CodeHeap 'non-profiled nmethods': size=120000Kb used=10930Kb max_used=10930Kb free=109069Kb
 bounds [0x000002078ac00000, 0x000002078b6b0000, 0x0000020792130000]
CodeHeap 'profiled nmethods': size=120000Kb used=29082Kb max_used=29082Kb free=90917Kb
 bounds [0x0000020783130000, 0x0000020784da0000, 0x000002078a660000]
CodeHeap 'non-nmethods': size=5760Kb used=1487Kb max_used=1562Kb free=4272Kb
 bounds [0x000002078a660000, 0x000002078a8d0000, 0x000002078ac00000]
CodeCache: size=245760Kb, used=41499Kb, max_used=41574Kb, free=204258Kb
 total_blobs=13725, nmethods=12930, adapters=701, full_count=0
Compilation: enabled, stopped_count=0, restarted_count=0

Compilation events (20 events):
Event: 1201.959 Thread 0x00000207dd04a550 nmethod 13647 0x0000020784d8bd10 code [0x0000020784d8bea0, 0x0000020784d8bfb8]
Event: 1202.070 Thread 0x00000207dd04a550 13648       3       com.sun.jna.platform.win32.WinBase$FILETIME::filetimeToDate (38 bytes)
Event: 1202.073 Thread 0x00000207dd04a550 nmethod 13648 0x0000020784d8c090 code [0x0000020784d8c240, 0x0000020784d8c4a8]
Event: 1202.073 Thread 0x00000207dd04a550 13649       3       org.eclipse.core.filesystem.provider.FileInfo::compareTo (9 bytes)
Event: 1202.077 Thread 0x00000207dd04a550 nmethod 13649 0x0000020784d8c610 code [0x0000020784d8c7e0, 0x0000020784d8cb10]
Event: 1202.077 Thread 0x00000207dd04a550 13650       3       org.eclipse.core.filesystem.provider.FileInfo::compareTo (14 bytes)
Event: 1202.078 Thread 0x00000207dd04a550 nmethod 13650 0x0000020784d8cc90 code [0x0000020784d8ce40, 0x0000020784d8cff8]
Event: 1202.083 Thread 0x00000207dd04a550 13651       3       org.eclipse.core.internal.jobs.JobQueue::canOvertake (69 bytes)
Event: 1202.088 Thread 0x00000207dd04a550 nmethod 13651 0x0000020784d8d110 code [0x0000020784d8d300, 0x0000020784d8d900]
Event: 1202.102 Thread 0x00000207962fd200 13652  s    4       org.eclipse.jdt.internal.core.JavaModelManager::getInfo (39 bytes)
Event: 1202.123 Thread 0x00000207dd04a550 13653       3       com.google.gson.internal.bind.MapTypeAdapterFactory$Adapter::write (394 bytes)
Event: 1202.151 Thread 0x00000207962fd200 nmethod 13652 0x000002078b6abf90 code [0x000002078b6ac180, 0x000002078b6ac7c8]
Event: 1202.152 Thread 0x00000207dd04a550 nmethod 13653 0x0000020784d8da90 code [0x0000020784d8e200, 0x0000020784d92850]
Event: 1202.152 Thread 0x00000207962fd200 13655   !   4       com.google.gson.internal.bind.ReflectiveTypeAdapterFactory$2::write (140 bytes)
Event: 1202.153 Thread 0x00000207dd04a550 13654       3       com.google.gson.stream.JsonWriter::value (173 bytes)
Event: 1202.158 Thread 0x00000207dd04a550 nmethod 13654 0x0000020784d93f10 code [0x0000020784d94320, 0x0000020784d95860]
Event: 1202.158 Thread 0x00000207dd04a550 13656       3       com.google.gson.reflect.TypeToken::get (9 bytes)
Event: 1202.158 Thread 0x00000207dd04a550 nmethod 13656 0x0000020784d96010 code [0x0000020784d961c0, 0x0000020784d96348]
Event: 1202.245 Thread 0x00000207dd04a550 13658       3       org.eclipse.core.internal.dtree.DataTreeNode::<init> (14 bytes)
Event: 1202.246 Thread 0x00000207dd04a550 nmethod 13658 0x0000020784d96410 code [0x0000020784d965c0, 0x0000020784d96820]

GC Heap History (20 events):
Event: 106.717 GC heap before
{Heap before GC invocations=1069 (full 3):
 PSYoungGen      total 7168K, used 6336K [0x00000000d5580000, 0x00000000d5d80000, 0x0000000100000000)
  eden space 6144K, 100% used [0x00000000d5580000,0x00000000d5b80000,0x00000000d5b80000)
  from space 1024K, 18% used [0x00000000d5c00000,0x00000000d5c30000,0x00000000d5d00000)
  to   space 512K, 0% used [0x00000000d5d00000,0x00000000d5d00000,0x00000000d5d80000)
 ParOldGen       total 732160K, used 731804K [0x0000000080000000, 0x00000000acb00000, 0x00000000d5580000)
  object space 732160K, 99% used [0x0000000080000000,0x00000000acaa70d8,0x00000000acb00000)
 Metaspace       used 70565K, committed 72192K, reserved 1114112K
  class space    used 7616K, committed 8320K, reserved 1048576K
}
Event: 106.719 GC heap after
{Heap after GC invocations=1069 (full 3):
 PSYoungGen      total 6656K, used 467K [0x00000000d5580000, 0x00000000d5d80000, 0x0000000100000000)
  eden space 6144K, 0% used [0x00000000d5580000,0x00000000d5580000,0x00000000d5b80000)
  from space 512K, 91% used [0x00000000d5d00000,0x00000000d5d74e88,0x00000000d5d80000)
  to   space 1024K, 0% used [0x00000000d5b80000,0x00000000d5b80000,0x00000000d5c80000)
 ParOldGen       total 732160K, used 731889K [0x0000000080000000, 0x00000000acb00000, 0x00000000d5580000)
  object space 732160K, 99% used [0x0000000080000000,0x00000000acabc790,0x00000000acb00000)
 Metaspace       used 70565K, committed 72192K, reserved 1114112K
  class space    used 7616K, committed 8320K, reserved 1048576K
}
Event: 106.733 GC heap before
{Heap before GC invocations=1070 (full 3):
 PSYoungGen      total 6656K, used 6535K [0x00000000d5580000, 0x00000000d5d80000, 0x0000000100000000)
  eden space 6144K, 98% used [0x00000000d5580000,0x00000000d5b6d038,0x00000000d5b80000)
  from space 512K, 91% used [0x00000000d5d00000,0x00000000d5d74e88,0x00000000d5d80000)
  to   space 1024K, 0% used [0x00000000d5b80000,0x00000000d5b80000,0x00000000d5c80000)
 ParOldGen       total 732160K, used 731889K [0x0000000080000000, 0x00000000acb00000, 0x00000000d5580000)
  object space 732160K, 99% used [0x0000000080000000,0x00000000acabc790,0x00000000acb00000)
 Metaspace       used 70565K, committed 72192K, reserved 1114112K
  class space    used 7616K, committed 8320K, reserved 1048576K
}
Event: 106.735 GC heap after
{Heap after GC invocations=1070 (full 3):
 PSYoungGen      total 7168K, used 357K [0x00000000d5580000, 0x00000000d5d80000, 0x0000000100000000)
  eden space 6144K, 0% used [0x00000000d5580000,0x00000000d5580000,0x00000000d5b80000)
  from space 1024K, 34% used [0x00000000d5b80000,0x00000000d5bd9758,0x00000000d5c80000)
  to   space 512K, 0% used [0x00000000d5d00000,0x00000000d5d00000,0x00000000d5d80000)
 ParOldGen       total 732160K, used 732159K [0x0000000080000000, 0x00000000acb00000, 0x00000000d5580000)
  object space 732160K, 99% used [0x0000000080000000,0x00000000acafff18,0x00000000acb00000)
 Metaspace       used 70565K, committed 72192K, reserved 1114112K
  class space    used 7616K, committed 8320K, reserved 1048576K
}
Event: 106.744 GC heap before
{Heap before GC invocations=1071 (full 3):
 PSYoungGen      total 7168K, used 6501K [0x00000000d5580000, 0x00000000d5d80000, 0x0000000100000000)
  eden space 6144K, 100% used [0x00000000d5580000,0x00000000d5b80000,0x00000000d5b80000)
  from space 1024K, 34% used [0x00000000d5b80000,0x00000000d5bd9758,0x00000000d5c80000)
  to   space 512K, 0% used [0x00000000d5d00000,0x00000000d5d00000,0x00000000d5d80000)
 ParOldGen       total 732160K, used 732159K [0x0000000080000000, 0x00000000acb00000, 0x00000000d5580000)
  object space 732160K, 99% used [0x0000000080000000,0x00000000acafff18,0x00000000acb00000)
 Metaspace       used 70565K, committed 72192K, reserved 1114112K
  class space    used 7616K, committed 8320K, reserved 1048576K
}
Event: 106.746 GC heap after
{Heap after GC invocations=1071 (full 3):
 PSYoungGen      total 6656K, used 328K [0x00000000d5580000, 0x00000000d5d80000, 0x0000000100000000)
  eden space 6144K, 0% used [0x00000000d5580000,0x00000000d5580000,0x00000000d5b80000)
  from space 512K, 64% used [0x00000000d5d00000,0x00000000d5d52388,0x00000000d5d80000)
  to   space 512K, 0% used [0x00000000d5c80000,0x00000000d5c80000,0x00000000d5d00000)
 ParOldGen       total 732672K, used 732368K [0x0000000080000000, 0x00000000acb80000, 0x00000000d5580000)
  object space 732672K, 99% used [0x0000000080000000,0x00000000acb34108,0x00000000acb80000)
 Metaspace       used 70565K, committed 72192K, reserved 1114112K
  class space    used 7616K, committed 8320K, reserved 1048576K
}
Event: 106.768 GC heap before
{Heap before GC invocations=1072 (full 3):
 PSYoungGen      total 6656K, used 6472K [0x00000000d5580000, 0x00000000d5d80000, 0x0000000100000000)
  eden space 6144K, 100% used [0x00000000d5580000,0x00000000d5b80000,0x00000000d5b80000)
  from space 512K, 64% used [0x00000000d5d00000,0x00000000d5d52388,0x00000000d5d80000)
  to   space 512K, 0% used [0x00000000d5c80000,0x00000000d5c80000,0x00000000d5d00000)
 ParOldGen       total 732672K, used 732368K [0x0000000080000000, 0x00000000acb80000, 0x00000000d5580000)
  object space 732672K, 99% used [0x0000000080000000,0x00000000acb34108,0x00000000acb80000)
 Metaspace       used 70570K, committed 72192K, reserved 1114112K
  class space    used 7616K, committed 8320K, reserved 1048576K
}
Event: 106.770 GC heap after
{Heap after GC invocations=1072 (full 3):
 PSYoungGen      total 6656K, used 491K [0x00000000d5580000, 0x00000000d5d80000, 0x0000000100000000)
  eden space 6144K, 0% used [0x00000000d5580000,0x00000000d5580000,0x00000000d5b80000)
  from space 512K, 95% used [0x00000000d5c80000,0x00000000d5cfac48,0x00000000d5d00000)
  to   space 512K, 0% used [0x00000000d5d00000,0x00000000d5d00000,0x00000000d5d80000)
 ParOldGen       total 732672K, used 732562K [0x0000000080000000, 0x00000000acb80000, 0x00000000d5580000)
  object space 732672K, 99% used [0x0000000080000000,0x00000000acb64bb8,0x00000000acb80000)
 Metaspace       used 70570K, committed 72192K, reserved 1114112K
  class space    used 7616K, committed 8320K, reserved 1048576K
}
Event: 106.790 GC heap before
{Heap before GC invocations=1073 (full 3):
 PSYoungGen      total 6656K, used 6635K [0x00000000d5580000, 0x00000000d5d80000, 0x0000000100000000)
  eden space 6144K, 100% used [0x00000000d5580000,0x00000000d5b80000,0x00000000d5b80000)
  from space 512K, 95% used [0x00000000d5c80000,0x00000000d5cfac48,0x00000000d5d00000)
  to   space 512K, 0% used [0x00000000d5d00000,0x00000000d5d00000,0x00000000d5d80000)
 ParOldGen       total 732672K, used 732562K [0x0000000080000000, 0x00000000acb80000, 0x00000000d5580000)
  object space 732672K, 99% used [0x0000000080000000,0x00000000acb64bb8,0x00000000acb80000)
 Metaspace       used 70578K, committed 72192K, reserved 1114112K
  class space    used 7616K, committed 8320K, reserved 1048576K
}
Event: 106.792 GC heap after
{Heap after GC invocations=1073 (full 3):
 PSYoungGen      total 6656K, used 420K [0x00000000d5580000, 0x00000000d5d80000, 0x0000000100000000)
  eden space 6144K, 0% used [0x00000000d5580000,0x00000000d5580000,0x00000000d5b80000)
  from space 512K, 82% used [0x00000000d5d00000,0x00000000d5d693c8,0x00000000d5d80000)
  to   space 1024K, 0% used [0x00000000d5b80000,0x00000000d5b80000,0x00000000d5c80000)
 ParOldGen       total 733184K, used 732946K [0x0000000080000000, 0x00000000acc00000, 0x00000000d5580000)
  object space 733184K, 99% used [0x0000000080000000,0x00000000acbc4be8,0x00000000acc00000)
 Metaspace       used 70578K, committed 72192K, reserved 1114112K
  class space    used 7616K, committed 8320K, reserved 1048576K
}
Event: 106.812 GC heap before
{Heap before GC invocations=1074 (full 3):
 PSYoungGen      total 6656K, used 6547K [0x00000000d5580000, 0x00000000d5d80000, 0x0000000100000000)
  eden space 6144K, 99% used [0x00000000d5580000,0x00000000d5b7b848,0x00000000d5b80000)
  from space 512K, 82% used [0x00000000d5d00000,0x00000000d5d693c8,0x00000000d5d80000)
  to   space 1024K, 0% used [0x00000000d5b80000,0x00000000d5b80000,0x00000000d5c80000)
 ParOldGen       total 733184K, used 732946K [0x0000000080000000, 0x00000000acc00000, 0x00000000d5580000)
  object space 733184K, 99% used [0x0000000080000000,0x00000000acbc4be8,0x00000000acc00000)
 Metaspace       used 70583K, committed 72192K, reserved 1114112K
  class space    used 7616K, committed 8320K, reserved 1048576K
}
Event: 106.815 GC heap after
{Heap after GC invocations=1074 (full 3):
 PSYoungGen      total 7168K, used 448K [0x00000000d5580000, 0x00000000d5d80000, 0x0000000100000000)
  eden space 6144K, 0% used [0x00000000d5580000,0x00000000d5580000,0x00000000d5b80000)
  from space 1024K, 43% used [0x00000000d5b80000,0x00000000d5bf0230,0x00000000d5c80000)
  to   space 512K, 0% used [0x00000000d5d00000,0x00000000d5d00000,0x00000000d5d80000)
 ParOldGen       total 734720K, used 734046K [0x0000000080000000, 0x00000000acd80000, 0x00000000d5580000)
  object space 734720K, 99% used [0x0000000080000000,0x00000000accd79a0,0x00000000acd80000)
 Metaspace       used 70583K, committed 72192K, reserved 1114112K
  class space    used 7616K, committed 8320K, reserved 1048576K
}
Event: 106.824 GC heap before
{Heap before GC invocations=1075 (full 3):
 PSYoungGen      total 7168K, used 6592K [0x00000000d5580000, 0x00000000d5d80000, 0x0000000100000000)
  eden space 6144K, 100% used [0x00000000d5580000,0x00000000d5b80000,0x00000000d5b80000)
  from space 1024K, 43% used [0x00000000d5b80000,0x00000000d5bf0230,0x00000000d5c80000)
  to   space 512K, 0% used [0x00000000d5d00000,0x00000000d5d00000,0x00000000d5d80000)
 ParOldGen       total 734720K, used 734046K [0x0000000080000000, 0x00000000acd80000, 0x00000000d5580000)
  object space 734720K, 99% used [0x0000000080000000,0x00000000accd79a0,0x00000000acd80000)
 Metaspace       used 70583K, committed 72192K, reserved 1114112K
  class space    used 7616K, committed 8320K, reserved 1048576K
}
Event: 106.826 GC heap after
{Heap after GC invocations=1075 (full 3):
 PSYoungGen      total 6656K, used 354K [0x00000000d5580000, 0x00000000d5d80000, 0x0000000100000000)
  eden space 6144K, 0% used [0x00000000d5580000,0x00000000d5580000,0x00000000d5b80000)
  from space 512K, 69% used [0x00000000d5d00000,0x00000000d5d58b30,0x00000000d5d80000)
  to   space 512K, 0% used [0x00000000d5c80000,0x00000000d5c80000,0x00000000d5d00000)
 ParOldGen       total 734720K, used 734359K [0x0000000080000000, 0x00000000acd80000, 0x00000000d5580000)
  object space 734720K, 99% used [0x0000000080000000,0x00000000acd25df0,0x00000000acd80000)
 Metaspace       used 70583K, committed 72192K, reserved 1114112K
  class space    used 7616K, committed 8320K, reserved 1048576K
}
Event: 106.837 GC heap before
{Heap before GC invocations=1076 (full 3):
 PSYoungGen      total 6656K, used 6498K [0x00000000d5580000, 0x00000000d5d80000, 0x0000000100000000)
  eden space 6144K, 100% used [0x00000000d5580000,0x00000000d5b80000,0x00000000d5b80000)
  from space 512K, 69% used [0x00000000d5d00000,0x00000000d5d58b30,0x00000000d5d80000)
  to   space 512K, 0% used [0x00000000d5c80000,0x00000000d5c80000,0x00000000d5d00000)
 ParOldGen       total 734720K, used 734359K [0x0000000080000000, 0x00000000acd80000, 0x00000000d5580000)
  object space 734720K, 99% used [0x0000000080000000,0x00000000acd25df0,0x00000000acd80000)
 Metaspace       used 70583K, committed 72192K, reserved 1114112K
  class space    used 7616K, committed 8320K, reserved 1048576K
}
Event: 106.838 GC heap after
{Heap after GC invocations=1076 (full 3):
 PSYoungGen      total 6656K, used 487K [0x00000000d5580000, 0x00000000d5d80000, 0x0000000100000000)
  eden space 6144K, 0% used [0x00000000d5580000,0x00000000d5580000,0x00000000d5b80000)
  from space 512K, 95% used [0x00000000d5c80000,0x00000000d5cf9fb0,0x00000000d5d00000)
  to   space 512K, 0% used [0x00000000d5d00000,0x00000000d5d00000,0x00000000d5d80000)
 ParOldGen       total 734720K, used 734641K [0x0000000080000000, 0x00000000acd80000, 0x00000000d5580000)
  object space 734720K, 99% used [0x0000000080000000,0x00000000acd6c4b8,0x00000000acd80000)
 Metaspace       used 70583K, committed 72192K, reserved 1114112K
  class space    used 7616K, committed 8320K, reserved 1048576K
}
Event: 106.879 GC heap before
{Heap before GC invocations=1077 (full 3):
 PSYoungGen      total 6656K, used 6631K [0x00000000d5580000, 0x00000000d5d80000, 0x0000000100000000)
  eden space 6144K, 100% used [0x00000000d5580000,0x00000000d5b80000,0x00000000d5b80000)
  from space 512K, 95% used [0x00000000d5c80000,0x00000000d5cf9fb0,0x00000000d5d00000)
  to   space 512K, 0% used [0x00000000d5d00000,0x00000000d5d00000,0x00000000d5d80000)
 ParOldGen       total 734720K, used 734641K [0x0000000080000000, 0x00000000acd80000, 0x00000000d5580000)
  object space 734720K, 99% used [0x0000000080000000,0x00000000acd6c4b8,0x00000000acd80000)
 Metaspace       used 70683K, committed 72320K, reserved 1114112K
  class space    used 7633K, committed 8320K, reserved 1048576K
}
Event: 106.882 GC heap after
{Heap after GC invocations=1077 (full 3):
 PSYoungGen      total 6144K, used 512K [0x00000000d5580000, 0x00000000d5f80000, 0x0000000100000000)
  eden space 5632K, 0% used [0x00000000d5580000,0x00000000d5580000,0x00000000d5b00000)
  from space 512K, 100% used [0x00000000d5d00000,0x00000000d5d80000,0x00000000d5d80000)
  to   space 2048K, 0% used [0x00000000d5b00000,0x00000000d5b00000,0x00000000d5d00000)
 ParOldGen       total 735744K, used 735596K [0x0000000080000000, 0x00000000ace80000, 0x00000000d5580000)
  object space 735744K, 99% used [0x0000000080000000,0x00000000ace5b1d8,0x00000000ace80000)
 Metaspace       used 70683K, committed 72320K, reserved 1114112K
  class space    used 7633K, committed 8320K, reserved 1048576K
}
Event: 106.987 GC heap before
{Heap before GC invocations=1078 (full 3):
 PSYoungGen      total 6144K, used 6144K [0x00000000d5580000, 0x00000000d5f80000, 0x0000000100000000)
  eden space 5632K, 100% used [0x00000000d5580000,0x00000000d5b00000,0x00000000d5b00000)
  from space 512K, 100% used [0x00000000d5d00000,0x00000000d5d80000,0x00000000d5d80000)
  to   space 2048K, 0% used [0x00000000d5b00000,0x00000000d5b00000,0x00000000d5d00000)
 ParOldGen       total 735744K, used 735596K [0x0000000080000000, 0x00000000ace80000, 0x00000000d5580000)
  object space 735744K, 99% used [0x0000000080000000,0x00000000ace5b1d8,0x00000000ace80000)
 Metaspace       used 71056K, committed 72704K, reserved 1114112K
  class space    used 7694K, committed 8384K, reserved 1048576K
}
Event: 106.991 GC heap after
{Heap after GC invocations=1078 (full 3):
 PSYoungGen      total 6656K, used 864K [0x00000000d5580000, 0x00000000d5e00000, 0x0000000100000000)
  eden space 5632K, 0% used [0x00000000d5580000,0x00000000d5580000,0x00000000d5b00000)
  from space 1024K, 84% used [0x00000000d5b00000,0x00000000d5bd8000,0x00000000d5c00000)
  to   space 1536K, 0% used [0x00000000d5c80000,0x00000000d5c80000,0x00000000d5e00000)
 ParOldGen       total 736256K, used 736059K [0x0000000080000000, 0x00000000acf00000, 0x00000000d5580000)
  object space 736256K, 99% used [0x0000000080000000,0x00000000acecee98,0x00000000acf00000)
 Metaspace       used 71056K, committed 72704K, reserved 1114112K
  class space    used 7694K, committed 8384K, reserved 1048576K
}

Dll operation events (14 events):
Event: 0.032 Loaded shared library c:\Users\ANLLY\.vscode\extensions\redhat.java-1.46.0-win32-x64\jre\21.0.8-win32-x86_64\bin\java.dll
Event: 0.302 Loaded shared library c:\Users\ANLLY\.vscode\extensions\redhat.java-1.46.0-win32-x64\jre\21.0.8-win32-x86_64\bin\zip.dll
Event: 0.374 Loaded shared library C:\Users\ANLLY\.vscode\extensions\redhat.java-1.46.0-win32-x64\jre\21.0.8-win32-x86_64\bin\instrument.dll
Event: 0.381 Loaded shared library C:\Users\ANLLY\.vscode\extensions\redhat.java-1.46.0-win32-x64\jre\21.0.8-win32-x86_64\bin\net.dll
Event: 0.385 Loaded shared library C:\Users\ANLLY\.vscode\extensions\redhat.java-1.46.0-win32-x64\jre\21.0.8-win32-x86_64\bin\nio.dll
Event: 0.393 Loaded shared library C:\Users\ANLLY\.vscode\extensions\redhat.java-1.46.0-win32-x64\jre\21.0.8-win32-x86_64\bin\zip.dll
Event: 0.490 Loaded shared library C:\Users\ANLLY\.vscode\extensions\redhat.java-1.46.0-win32-x64\jre\21.0.8-win32-x86_64\bin\jimage.dll
Event: 0.723 Loaded shared library c:\Users\ANLLY\.vscode\extensions\redhat.java-1.46.0-win32-x64\jre\21.0.8-win32-x86_64\bin\verify.dll
Event: 3.347 Loaded shared library C:\Users\ANLLY\AppData\Roaming\Code\User\globalStorage\redhat.java\1.46.0\config_win\org.eclipse.equinox.launcher\org.eclipse.equinox.launcher.win32.win32.x86_64_1.2.1400.v20250801-0854\eclipse_11916.dll
Event: 6.171 Loaded shared library C:\Users\ANLLY\.vscode\extensions\redhat.java-1.46.0-win32-x64\jre\21.0.8-win32-x86_64\bin\management.dll
Event: 6.176 Loaded shared library C:\Users\ANLLY\.vscode\extensions\redhat.java-1.46.0-win32-x64\jre\21.0.8-win32-x86_64\bin\management_ext.dll
Event: 10.069 Loaded shared library C:\Users\ANLLY\AppData\Local\Temp\jna-95354809\jna243919705910605531.dll
Event: 10.395 Loaded shared library C:\Users\ANLLY\.vscode\extensions\redhat.java-1.46.0-win32-x64\jre\21.0.8-win32-x86_64\bin\sunmscapi.dll
Event: 11.210 Loaded shared library C:\Users\ANLLY\.vscode\extensions\redhat.java-1.46.0-win32-x64\jre\21.0.8-win32-x86_64\bin\extnet.dll

Deoptimization events (20 events):
Event: 106.934 Thread 0x00000207e2337740 Uncommon trap: trap_request=0xfffffff4 fr.pc=0x000002078b672a4c relative=0x00000000000024ac
Event: 106.934 Thread 0x00000207e2337740 Uncommon trap: reason=null_check action=make_not_entrant pc=0x000002078b672a4c method=org.eclipse.jdt.internal.core.JavaModelCache.getInfo(Lorg/eclipse/jdt/core/IJavaElement;)Lorg/eclipse/jdt/internal/compiler/env/IElementInfo; @ 152 c2
Event: 106.934 Thread 0x00000207e2337740 DEOPT PACKING pc=0x000002078b672a4c sp=0x000000e60d3fdca0
Event: 106.934 Thread 0x00000207e2337740 DEOPT UNPACKING pc=0x000002078a6b6da2 sp=0x000000e60d3fdc10 mode 2
Event: 106.959 Thread 0x00000207e2337740 Uncommon trap: trap_request=0xffffff45 fr.pc=0x000002078b0e04d4 relative=0x0000000000000214
Event: 106.959 Thread 0x00000207e2337740 Uncommon trap: reason=unstable_if action=reinterpret pc=0x000002078b0e04d4 method=java.util.regex.Pattern$GroupTail.match(Ljava/util/regex/Matcher;ILjava/lang/CharSequence;)Z @ 13 c2
Event: 106.959 Thread 0x00000207e2337740 DEOPT PACKING pc=0x000002078b0e04d4 sp=0x000000e60d3f7770
Event: 106.959 Thread 0x00000207e2337740 DEOPT UNPACKING pc=0x000002078a6b6da2 sp=0x000000e60d3f76f8 mode 2
Event: 106.986 Thread 0x00000207e2337740 Uncommon trap: trap_request=0xffffffde fr.pc=0x000002078b679b54 relative=0x0000000000001d14
Event: 106.986 Thread 0x00000207e2337740 Uncommon trap: reason=class_check action=maybe_recompile pc=0x000002078b679b54 method=org.eclipse.jdt.internal.core.JavaModelCache.getInfo(Lorg/eclipse/jdt/core/IJavaElement;)Lorg/eclipse/jdt/internal/compiler/env/IElementInfo; @ 152 c2
Event: 106.986 Thread 0x00000207e2337740 DEOPT PACKING pc=0x000002078b679b54 sp=0x000000e60d3fdc30
Event: 106.986 Thread 0x00000207e2337740 DEOPT UNPACKING pc=0x000002078a6b6da2 sp=0x000000e60d3fdc18 mode 2
Event: 106.986 Thread 0x00000207e2337740 Uncommon trap: trap_request=0xffffff45 fr.pc=0x000002078b4a4cf0 relative=0x0000000000000670
Event: 106.986 Thread 0x00000207e2337740 Uncommon trap: reason=unstable_if action=reinterpret pc=0x000002078b4a4cf0 method=org.eclipse.jdt.core.Signature.appendTypeSignature([CIZLjava/lang/StringBuilder;Z)I @ 197 c2
Event: 106.986 Thread 0x00000207e2337740 DEOPT PACKING pc=0x000002078b4a4cf0 sp=0x000000e60d3fdca0
Event: 106.986 Thread 0x00000207e2337740 DEOPT UNPACKING pc=0x000002078a6b6da2 sp=0x000000e60d3fdc48 mode 2
Event: 106.986 Thread 0x00000207e2337740 Uncommon trap: trap_request=0xffffff45 fr.pc=0x000002078b317210 relative=0x00000000000006b0
Event: 106.986 Thread 0x00000207e2337740 Uncommon trap: reason=unstable_if action=reinterpret pc=0x000002078b317210 method=org.eclipse.jdt.core.Signature.appendClassTypeSignature([CIZLjava/lang/StringBuilder;)I @ 23 c2
Event: 106.986 Thread 0x00000207e2337740 DEOPT PACKING pc=0x000002078b317210 sp=0x000000e60d3fd9e0
Event: 106.986 Thread 0x00000207e2337740 DEOPT UNPACKING pc=0x000002078a6b6da2 sp=0x000000e60d3fd978 mode 2

Classes loaded (20 events):
Event: 87.186 Loading class java/util/concurrent/ConcurrentHashMap$KeySpliterator
Event: 87.186 Loading class java/util/concurrent/ConcurrentHashMap$KeySpliterator done
Event: 87.826 Loading class java/io/CharArrayWriter
Event: 87.826 Loading class java/io/CharArrayWriter done
Event: 87.836 Loading class java/nio/file/attribute/PosixFileAttributes
Event: 87.836 Loading class java/nio/file/attribute/PosixFileAttributes done
Event: 89.680 Loading class java/util/stream/ReduceOps$5
Event: 89.680 Loading class java/util/stream/ReduceOps$5 done
Event: 89.680 Loading class java/util/stream/ReduceOps$CountingSink$OfRef
Event: 89.681 Loading class java/util/stream/ReduceOps$CountingSink
Event: 89.681 Loading class java/util/stream/ReduceOps$CountingSink done
Event: 89.681 Loading class java/util/stream/ReduceOps$CountingSink$OfRef done
Event: 89.789 Loading class java/util/stream/ReduceOps$1
Event: 89.789 Loading class java/util/stream/ReduceOps$1 done
Event: 89.789 Loading class java/util/stream/ReduceOps$1ReducingSink
Event: 89.789 Loading class java/util/stream/ReduceOps$1ReducingSink done
Event: 106.116 Loading class java/util/concurrent/CompletableFuture$UniApply
Event: 106.117 Loading class java/util/concurrent/CompletableFuture$UniApply done
Event: 106.121 Loading class java/util/concurrent/CompletableFuture$UniExceptionally
Event: 106.122 Loading class java/util/concurrent/CompletableFuture$UniExceptionally done

Classes unloaded (20 events):
Event: 8.025 Thread 0x00000207fe88e830 Unloading class 0x00000207981ac400 'java/lang/invoke/LambdaForm$MH+0x00000207981ac400'
Event: 8.025 Thread 0x00000207fe88e830 Unloading class 0x00000207981ac000 'java/lang/invoke/LambdaForm$MH+0x00000207981ac000'
Event: 8.025 Thread 0x00000207fe88e830 Unloading class 0x00000207981abc00 'java/lang/invoke/LambdaForm$BMH+0x00000207981abc00'
Event: 8.025 Thread 0x00000207fe88e830 Unloading class 0x00000207981ab800 'java/lang/invoke/LambdaForm$DMH+0x00000207981ab800'
Event: 8.025 Thread 0x00000207fe88e830 Unloading class 0x00000207981aa400 'java/lang/invoke/LambdaForm$DMH+0x00000207981aa400'
Event: 10.731 Thread 0x00000207fe88e830 Unloading class 0x00000207982f7c00 'java/lang/invoke/LambdaForm$MH+0x00000207982f7c00'
Event: 10.731 Thread 0x00000207fe88e830 Unloading class 0x00000207982f6c00 'java/lang/invoke/LambdaForm$MH+0x00000207982f6c00'
Event: 10.731 Thread 0x00000207fe88e830 Unloading class 0x00000207982f6400 'java/lang/invoke/LambdaForm$MH+0x00000207982f6400'
Event: 10.731 Thread 0x00000207fe88e830 Unloading class 0x00000207982f1400 'java/lang/invoke/LambdaForm$MH+0x00000207982f1400'
Event: 10.731 Thread 0x00000207fe88e830 Unloading class 0x00000207982f0800 'java/lang/invoke/LambdaForm$MH+0x00000207982f0800'
Event: 10.731 Thread 0x00000207fe88e830 Unloading class 0x00000207982f0000 'java/lang/invoke/LambdaForm$MH+0x00000207982f0000'
Event: 10.731 Thread 0x00000207fe88e830 Unloading class 0x00000207982eb800 'java/lang/invoke/LambdaForm$MH+0x00000207982eb800'
Event: 10.731 Thread 0x00000207fe88e830 Unloading class 0x00000207982eac00 'java/lang/invoke/LambdaForm$MH+0x00000207982eac00'
Event: 10.731 Thread 0x00000207fe88e830 Unloading class 0x00000207982ea800 'java/lang/invoke/LambdaForm$MH+0x00000207982ea800'
Event: 10.731 Thread 0x00000207fe88e830 Unloading class 0x00000207982e9400 'java/lang/invoke/LambdaForm$DMH+0x00000207982e9400'
Event: 79.918 Thread 0x00000207fe88e830 Unloading class 0x0000020798681800 'java/lang/invoke/LambdaForm$DMH+0x0000020798681800'
Event: 79.918 Thread 0x00000207fe88e830 Unloading class 0x0000020798681400 'java/lang/invoke/LambdaForm$DMH+0x0000020798681400'
Event: 79.918 Thread 0x00000207fe88e830 Unloading class 0x0000020798681000 'java/lang/invoke/LambdaForm$DMH+0x0000020798681000'
Event: 79.918 Thread 0x00000207fe88e830 Unloading class 0x0000020798680c00 'java/lang/invoke/LambdaForm$DMH+0x0000020798680c00'
Event: 79.918 Thread 0x00000207fe88e830 Unloading class 0x00000207985d4800 'java/lang/invoke/LambdaForm$DMH+0x00000207985d4800'

Classes redefined (0 events):
No events

Internal exceptions (20 events):
Event: 106.253 Thread 0x00000207e2339180 Exception <a 'sun/nio/fs/WindowsException'{0x00000000d56b7340}> (0x00000000d56b7340) 
thrown [s\src\hotspot\share\prims\jni.cpp, line 520]
Event: 106.254 Thread 0x00000207e2339180 Exception <a 'sun/nio/fs/WindowsException'{0x00000000d56c0fd8}> (0x00000000d56c0fd8) 
thrown [s\src\hotspot\share\prims\jni.cpp, line 520]
Event: 106.254 Thread 0x00000207e2339180 Exception <a 'sun/nio/fs/WindowsException'{0x00000000d56c9698}> (0x00000000d56c9698) 
thrown [s\src\hotspot\share\prims\jni.cpp, line 520]
Event: 106.254 Thread 0x00000207e2339180 Exception <a 'sun/nio/fs/WindowsException'{0x00000000d56d3e48}> (0x00000000d56d3e48) 
thrown [s\src\hotspot\share\prims\jni.cpp, line 520]
Event: 106.260 Thread 0x00000207e2339180 Exception <a 'sun/nio/fs/WindowsException'{0x00000000d55805e0}> (0x00000000d55805e0) 
thrown [s\src\hotspot\share\prims\jni.cpp, line 520]
Event: 106.260 Thread 0x00000207e2339180 Exception <a 'sun/nio/fs/WindowsException'{0x00000000d5594208}> (0x00000000d5594208) 
thrown [s\src\hotspot\share\prims\jni.cpp, line 520]
Event: 106.265 Thread 0x00000207e2339180 Exception <a 'sun/nio/fs/WindowsException'{0x00000000d56376a0}> (0x00000000d56376a0) 
thrown [s\src\hotspot\share\prims\jni.cpp, line 520]
Event: 106.266 Thread 0x00000207e2339180 Exception <a 'sun/nio/fs/WindowsException'{0x00000000d56381d8}> (0x00000000d56381d8) 
thrown [s\src\hotspot\share\prims\jni.cpp, line 520]
Event: 106.281 Thread 0x00000207de31e400 Exception <a 'java/lang/NoSuchMethodError'{0x00000000d558d3e8}: 'java.lang.Object java.lang.invoke.DirectMethodHandle$Holder.invokeStaticInit(java.lang.Object, java.lang.Object, java.lang.Object)'> (0x00000000d558d3e8) 
thrown [s\src\hotspot\share\interpreter\linkResolver.cpp, line 773]
Event: 106.282 Thread 0x00000207e0522e60 Exception <a 'java/lang/NoSuchMethodError'{0x00000000d55ed520}: 'java.lang.Object java.lang.invoke.Invokers$Holder.linkToTargetMethod(java.lang.Object, java.lang.Object, int, int, java.lang.Object)'> (0x00000000d55ed520) 
thrown [s\src\hotspot\share\interpreter\linkResolver.cpp, line 773]
Event: 106.282 Thread 0x00000207de31ea90 Exception <a 'java/lang/NoSuchMethodError'{0x00000000d55eca58}: 'java.lang.Object java.lang.invoke.Invokers$Holder.linkToTargetMethod(java.lang.Object, java.lang.Object, int, int, java.lang.Object)'> (0x00000000d55eca58) 
thrown [s\src\hotspot\share\interpreter\linkResolver.cpp, line 773]
Event: 106.288 Thread 0x00000207de31ea90 Exception <a 'java/lang/NoSuchMethodError'{0x00000000d57c2278}: method resolution failed> (0x00000000d57c2278) 
thrown [s\src\hotspot\share\prims\methodHandles.cpp, line 1144]
Event: 106.292 Thread 0x00000207e0522e60 Exception <a 'java/lang/NoSuchMethodError'{0x00000000d55a5dc8}: method resolution failed> (0x00000000d55a5dc8) 
thrown [s\src\hotspot\share\prims\methodHandles.cpp, line 1144]
Event: 106.418 Thread 0x00000207e2337740 Exception <a 'java/lang/IncompatibleClassChangeError'{0x00000000d569d2f0}: Found class java.lang.Object, but interface was expected> (0x00000000d569d2f0) 
thrown [s\src\hotspot\share\interpreter\linkResolver.cpp, line 840]
Event: 106.676 Thread 0x00000207de31e400 Exception <a 'sun/nio/fs/WindowsException'{0x00000000d5a1b810}> (0x00000000d5a1b810) 
thrown [s\src\hotspot\share\prims\jni.cpp, line 520]
Event: 106.676 Thread 0x00000207de31e400 Exception <a 'sun/nio/fs/WindowsException'{0x00000000d5a1c110}> (0x00000000d5a1c110) 
thrown [s\src\hotspot\share\prims\jni.cpp, line 520]
Event: 106.843 Thread 0x00000207e2337740 Implicit null exception at 0x000002078b44e5cc to 0x000002078b453abc
Event: 106.934 Thread 0x00000207e2337740 Implicit null exception at 0x000002078b67098b to 0x000002078b672a3c
Event: 385.022 Thread 0x00000207de31f120 Exception <a 'sun/nio/fs/WindowsException'{0x00000000d56a8f58}> (0x00000000d56a8f58) 
thrown [s\src\hotspot\share\prims\jni.cpp, line 520]
Event: 385.022 Thread 0x00000207de31f120 Exception <a 'sun/nio/fs/WindowsException'{0x00000000d56a9a78}> (0x00000000d56a9a78) 
thrown [s\src\hotspot\share\prims\jni.cpp, line 520]

ZGC Phase Switch (0 events):
No events

VM Operations (20 events):
Event: 782.103 Executing VM operation: RendezvousGCThreads
Event: 782.103 Executing VM operation: RendezvousGCThreads done
Event: 842.248 Executing VM operation: HandshakeAllThreads (HandshakeForDeflation)
Event: 842.248 Executing VM operation: HandshakeAllThreads (HandshakeForDeflation) done
Event: 842.249 Executing VM operation: RendezvousGCThreads
Event: 842.249 Executing VM operation: RendezvousGCThreads done
Event: 902.462 Executing VM operation: HandshakeAllThreads (HandshakeForDeflation)
Event: 902.462 Executing VM operation: HandshakeAllThreads (HandshakeForDeflation) done
Event: 902.462 Executing VM operation: RendezvousGCThreads
Event: 902.462 Executing VM operation: RendezvousGCThreads done
Event: 1143.079 Executing VM operation: HandshakeAllThreads (HandshakeForDeflation)
Event: 1143.080 Executing VM operation: HandshakeAllThreads (HandshakeForDeflation) done
Event: 1143.080 Executing VM operation: RendezvousGCThreads
Event: 1143.080 Executing VM operation: RendezvousGCThreads done
Event: 1202.204 Executing VM operation: Cleanup
Event: 1202.204 Executing VM operation: Cleanup done
Event: 1203.312 Executing VM operation: HandshakeAllThreads (HandshakeForDeflation)
Event: 1203.312 Executing VM operation: HandshakeAllThreads (HandshakeForDeflation) done
Event: 1203.312 Executing VM operation: RendezvousGCThreads
Event: 1203.312 Executing VM operation: RendezvousGCThreads done

Memory protections (0 events):
No events

Nmethod flushes (20 events):
Event: 79.936 Thread 0x00000207fe88e830 flushing  nmethod 0x000002078397ca10
Event: 79.936 Thread 0x00000207fe88e830 flushing  nmethod 0x0000020783983a90
Event: 79.936 Thread 0x00000207fe88e830 flushing  nmethod 0x0000020783987010
Event: 79.936 Thread 0x00000207fe88e830 flushing  nmethod 0x00000207839a6410
Event: 79.936 Thread 0x00000207fe88e830 flushing  nmethod 0x00000207839c3890
Event: 79.936 Thread 0x00000207fe88e830 flushing  nmethod 0x00000207839c4e90
Event: 79.936 Thread 0x00000207fe88e830 flushing  nmethod 0x00000207839c6310
Event: 79.936 Thread 0x00000207fe88e830 flushing  nmethod 0x00000207839c6710
Event: 79.936 Thread 0x00000207fe88e830 flushing  nmethod 0x00000207839c6b90
Event: 79.936 Thread 0x00000207fe88e830 flushing  nmethod 0x00000207839cd090
Event: 79.936 Thread 0x00000207fe88e830 flushing  nmethod 0x00000207839ce510
Event: 79.936 Thread 0x00000207fe88e830 flushing  nmethod 0x00000207839ce990
Event: 79.936 Thread 0x00000207fe88e830 flushing  nmethod 0x00000207839cef90
Event: 79.936 Thread 0x00000207fe88e830 flushing  nmethod 0x00000207839cf710
Event: 79.936 Thread 0x00000207fe88e830 flushing  nmethod 0x00000207839cfb10
Event: 79.936 Thread 0x00000207fe88e830 flushing  nmethod 0x00000207839d0590
Event: 79.936 Thread 0x00000207fe88e830 flushing  nmethod 0x00000207839d0990
Event: 79.936 Thread 0x00000207fe88e830 flushing  nmethod 0x00000207839d0f90
Event: 79.936 Thread 0x00000207fe88e830 flushing  nmethod 0x00000207839e6210
Event: 79.936 Thread 0x00000207fe88e830 flushing osr nmethod 0x0000020783a0c690

Events (20 events):
Event: 167.008 Thread 0x00000207e2337740 Thread exited: 0x00000207e2337740
Event: 292.317 Thread 0x00000207e2339180 Thread exited: 0x00000207e2339180
Event: 306.483 Thread 0x00000207de31f120 Thread added: 0x00000207e2332880
Event: 306.485 Thread 0x00000207e0522e60 Thread exited: 0x00000207e0522e60
Event: 352.327 Thread 0x00000207de31e400 Thread exited: 0x00000207de31e400
Event: 385.017 Thread 0x00000207de31f120 Thread added: 0x00000207e2336a20
Event: 385.018 Thread 0x00000207e2336a20 Thread exited: 0x00000207e2336a20
Event: 385.023 Thread 0x00000207de31f120 Thread added: 0x00000207e2336a20
Event: 385.024 Thread 0x00000207e2336a20 Thread exited: 0x00000207e2336a20
Event: 385.032 Thread 0x00000207dd04a550 Thread added: 0x00000207deba09a0
Event: 385.695 Thread 0x00000207e2336390 Thread exited: 0x00000207e2336390
Event: 387.204 Thread 0x00000207e2333c30 Thread exited: 0x00000207e2333c30
Event: 387.245 Thread 0x00000207e2337dd0 Thread exited: 0x00000207e2337dd0
Event: 387.378 Thread 0x00000207e2339ea0 Thread exited: 0x00000207e2339ea0
Event: 390.211 Thread 0x00000207deba09a0 Thread exited: 0x00000207deba09a0
Event: 412.332 Thread 0x00000207e2339810 Thread exited: 0x00000207e2339810
Event: 472.361 Thread 0x00000207de3204d0 Thread exited: 0x00000207de3204d0
Event: 532.367 Thread 0x00000207e2338af0 Thread exited: 0x00000207e2338af0
Event: 592.368 Thread 0x00000207e2338460 Thread exited: 0x00000207e2338460
Event: 1201.830 Thread 0x00000207e23342c0 Thread added: 0x00000207e23335a0


Dynamic libraries:
0x00007ff7f6a50000 - 0x00007ff7f6a5e000 	c:\Users\ANLLY\.vscode\extensions\redhat.java-1.46.0-win32-x64\jre\21.0.8-win32-x86_64\bin\java.exe
0x00007fff7cae0000 - 0x00007fff7cd48000 	C:\WINDOWS\SYSTEM32\ntdll.dll
0x00007fff7a930000 - 0x00007fff7a9f9000 	C:\WINDOWS\System32\KERNEL32.DLL
0x00007fff79fd0000 - 0x00007fff7a3c2000 	C:\WINDOWS\System32\KERNELBASE.dll
0x00007fff7a760000 - 0x00007fff7a8ab000 	C:\WINDOWS\System32\ucrtbase.dll
0x00007fff61ea0000 - 0x00007fff61eb8000 	c:\Users\ANLLY\.vscode\extensions\redhat.java-1.46.0-win32-x64\jre\21.0.8-win32-x86_64\bin\jli.dll
0x00007fff607a0000 - 0x00007fff607be000 	c:\Users\ANLLY\.vscode\extensions\redhat.java-1.46.0-win32-x64\jre\21.0.8-win32-x86_64\bin\VCRUNTIME140.dll
0x00007fff7c040000 - 0x00007fff7c205000 	C:\WINDOWS\System32\USER32.dll
0x00007fff7a5b0000 - 0x00007fff7a5d7000 	C:\WINDOWS\System32\win32u.dll
0x00007fff7c470000 - 0x00007fff7c49b000 	C:\WINDOWS\System32\GDI32.dll
0x00007fff67200000 - 0x00007fff67493000 	C:\WINDOWS\WinSxS\amd64_microsoft.windows.common-controls_6595b64144ccf1df_6.0.26100.6899_none_3e0efeeae32e88c1\COMCTL32.dll
0x00007fff7ac60000 - 0x00007fff7ad09000 	C:\WINDOWS\System32\msvcrt.dll
0x00007fff7a480000 - 0x00007fff7a5ad000 	C:\WINDOWS\System32\gdi32full.dll
0x00007fff7a3d0000 - 0x00007fff7a473000 	C:\WINDOWS\System32\msvcp_win.dll
0x00007fff7b480000 - 0x00007fff7b4af000 	C:\WINDOWS\System32\IMM32.DLL
0x00007fff74ef0000 - 0x00007fff74efc000 	c:\Users\ANLLY\.vscode\extensions\redhat.java-1.46.0-win32-x64\jre\21.0.8-win32-x86_64\bin\vcruntime140_1.dll
0x00007ffee8000000 - 0x00007ffee808d000 	c:\Users\ANLLY\.vscode\extensions\redhat.java-1.46.0-win32-x64\jre\21.0.8-win32-x86_64\bin\msvcp140.dll
0x00007ffed1dd0000 - 0x00007ffed2b67000 	c:\Users\ANLLY\.vscode\extensions\redhat.java-1.46.0-win32-x64\jre\21.0.8-win32-x86_64\bin\server\jvm.dll
0x00007fff7b4c0000 - 0x00007fff7b574000 	C:\WINDOWS\System32\ADVAPI32.dll
0x00007fff7bf90000 - 0x00007fff7c036000 	C:\WINDOWS\System32\sechost.dll
0x00007fff7ab40000 - 0x00007fff7ac58000 	C:\WINDOWS\System32\RPCRT4.dll
0x00007fff7a8b0000 - 0x00007fff7a924000 	C:\WINDOWS\System32\WS2_32.dll
0x00007fff79ad0000 - 0x00007fff79b2e000 	C:\WINDOWS\SYSTEM32\POWRPROF.dll
0x00007fff67540000 - 0x00007fff67575000 	C:\WINDOWS\SYSTEM32\WINMM.dll
0x00007fff6c250000 - 0x00007fff6c25b000 	C:\WINDOWS\SYSTEM32\VERSION.dll
0x00007fff79ab0000 - 0x00007fff79ac4000 	C:\WINDOWS\SYSTEM32\UMPDC.dll
0x00007fff78a00000 - 0x00007fff78a1b000 	C:\WINDOWS\SYSTEM32\kernel.appcore.dll
0x00007fff62e20000 - 0x00007fff62e2a000 	c:\Users\ANLLY\.vscode\extensions\redhat.java-1.46.0-win32-x64\jre\21.0.8-win32-x86_64\bin\jimage.dll
0x00007fff773f0000 - 0x00007fff77632000 	C:\WINDOWS\SYSTEM32\DBGHELP.DLL
0x00007fff7b610000 - 0x00007fff7b98b000 	C:\WINDOWS\System32\combase.dll
0x00007fff7bb70000 - 0x00007fff7bc47000 	C:\WINDOWS\System32\OLEAUT32.dll
0x00007fff735a0000 - 0x00007fff735dc000 	C:\WINDOWS\SYSTEM32\dbgcore.DLL
0x00007fff79de0000 - 0x00007fff79e78000 	C:\WINDOWS\System32\bcryptPrimitives.dll
0x00007fff5ced0000 - 0x00007fff5cedf000 	c:\Users\ANLLY\.vscode\extensions\redhat.java-1.46.0-win32-x64\jre\21.0.8-win32-x86_64\bin\instrument.dll
0x00007fff4e7f0000 - 0x00007fff4e80f000 	c:\Users\ANLLY\.vscode\extensions\redhat.java-1.46.0-win32-x64\jre\21.0.8-win32-x86_64\bin\java.dll
0x00007fff7ad10000 - 0x00007fff7b45d000 	C:\WINDOWS\System32\SHELL32.dll
0x00007fff79c70000 - 0x00007fff79ddb000 	C:\WINDOWS\System32\wintypes.dll
0x00007fff778a0000 - 0x00007fff780fd000 	C:\WINDOWS\SYSTEM32\windows.storage.dll
0x00007fff7ba70000 - 0x00007fff7bb62000 	C:\WINDOWS\System32\SHCORE.dll
0x00007fff7aa00000 - 0x00007fff7aa62000 	C:\WINDOWS\System32\shlwapi.dll
0x00007fff79b90000 - 0x00007fff79bb9000 	C:\WINDOWS\SYSTEM32\profapi.dll
0x00007fff482d0000 - 0x00007fff482e8000 	c:\Users\ANLLY\.vscode\extensions\redhat.java-1.46.0-win32-x64\jre\21.0.8-win32-x86_64\bin\zip.dll
0x00007fff569a0000 - 0x00007fff569b0000 	C:\Users\ANLLY\.vscode\extensions\redhat.java-1.46.0-win32-x64\jre\21.0.8-win32-x86_64\bin\net.dll
0x00007fff71670000 - 0x00007fff7178f000 	C:\WINDOWS\SYSTEM32\WINHTTP.dll
0x00007fff78f50000 - 0x00007fff78fbb000 	C:\WINDOWS\system32\mswsock.dll
0x00007fff3bb20000 - 0x00007fff3bb36000 	C:\Users\ANLLY\.vscode\extensions\redhat.java-1.46.0-win32-x64\jre\21.0.8-win32-x86_64\bin\nio.dll
0x00007fff54090000 - 0x00007fff540a0000 	c:\Users\ANLLY\.vscode\extensions\redhat.java-1.46.0-win32-x64\jre\21.0.8-win32-x86_64\bin\verify.dll
0x00007ffee9f00000 - 0x00007ffee9f44000 	C:\Users\ANLLY\AppData\Roaming\Code\User\globalStorage\redhat.java\1.46.0\config_win\org.eclipse.equinox.launcher\org.eclipse.equinox.launcher.win32.win32.x86_64_1.2.1400.v20250801-0854\eclipse_11916.dll
0x00007fff7bdf0000 - 0x00007fff7bf88000 	C:\WINDOWS\System32\ole32.dll
0x00007fff61fb0000 - 0x00007fff61fba000 	C:\Users\ANLLY\.vscode\extensions\redhat.java-1.46.0-win32-x64\jre\21.0.8-win32-x86_64\bin\management.dll
0x00007fff61fa0000 - 0x00007fff61fab000 	C:\Users\ANLLY\.vscode\extensions\redhat.java-1.46.0-win32-x64\jre\21.0.8-win32-x86_64\bin\management_ext.dll
0x00007fff7ab30000 - 0x00007fff7ab38000 	C:\WINDOWS\System32\PSAPI.DLL
0x00007fff79330000 - 0x00007fff7934b000 	C:\WINDOWS\SYSTEM32\CRYPTSP.dll
0x00007fff78960000 - 0x00007fff7899b000 	C:\WINDOWS\system32\rsaenh.dll
0x00007fff78ff0000 - 0x00007fff7901b000 	C:\WINDOWS\SYSTEM32\USERENV.dll
0x00007fff79b60000 - 0x00007fff79b86000 	C:\WINDOWS\SYSTEM32\bcrypt.dll
0x00007fff79190000 - 0x00007fff7919c000 	C:\WINDOWS\SYSTEM32\CRYPTBASE.dll
0x00007fff78400000 - 0x00007fff78434000 	C:\WINDOWS\SYSTEM32\IPHLPAPI.DLL
0x00007fff7b580000 - 0x00007fff7b58a000 	C:\WINDOWS\System32\NSI.dll
0x00007ffee7eb0000 - 0x00007ffee7ef9000 	C:\Users\ANLLY\AppData\Local\Temp\jna-95354809\jna243919705910605531.dll
0x00007fff718c0000 - 0x00007fff718de000 	C:\WINDOWS\SYSTEM32\dhcpcsvc6.DLL
0x00007fff71890000 - 0x00007fff718b3000 	C:\WINDOWS\SYSTEM32\dhcpcsvc.DLL
0x00007fff6b970000 - 0x00007fff6b97e000 	C:\Users\ANLLY\.vscode\extensions\redhat.java-1.46.0-win32-x64\jre\21.0.8-win32-x86_64\bin\sunmscapi.dll
0x00007fff7a5e0000 - 0x00007fff7a757000 	C:\WINDOWS\System32\CRYPT32.dll
0x00007fff79480000 - 0x00007fff794b0000 	C:\WINDOWS\SYSTEM32\ncrypt.dll
0x00007fff79430000 - 0x00007fff7946f000 	C:\WINDOWS\SYSTEM32\NTASN1.dll
0x00007fff78490000 - 0x00007fff785b6000 	C:\WINDOWS\SYSTEM32\DNSAPI.dll
0x00007fff6c050000 - 0x00007fff6c05b000 	C:\Windows\System32\rasadhlp.dll
0x00007fff6d090000 - 0x00007fff6d116000 	C:\WINDOWS\System32\fwpuclnt.dll
0x00007fff5d9f0000 - 0x00007fff5d9f9000 	C:\Users\ANLLY\.vscode\extensions\redhat.java-1.46.0-win32-x64\jre\21.0.8-win32-x86_64\bin\extnet.dll

JVMTI agents:
c:\Users\ANLLY\.vscode\extensions\redhat.java-1.46.0-win32-x64\lombok\lombok-1.18.39-4050.jar path:c:\Users\ANLLY\.vscode\extensions\redhat.java-1.46.0-win32-x64\jre\21.0.8-win32-x86_64\bin\instrument.dll, loaded, initialized, instrumentlib options:none

dbghelp: loaded successfully - version: 4.0.5 - missing functions: none
symbol engine: initialized successfully - sym options: 0x614 - pdb path: .;c:\Users\ANLLY\.vscode\extensions\redhat.java-1.46.0-win32-x64\jre\21.0.8-win32-x86_64\bin;C:\WINDOWS\SYSTEM32;C:\WINDOWS\WinSxS\amd64_microsoft.windows.common-controls_6595b64144ccf1df_6.0.26100.6899_none_3e0efeeae32e88c1;c:\Users\ANLLY\.vscode\extensions\redhat.java-1.46.0-win32-x64\jre\21.0.8-win32-x86_64\bin\server;C:\Users\ANLLY\AppData\Roaming\Code\User\globalStorage\redhat.java\1.46.0\config_win\org.eclipse.equinox.launcher\org.eclipse.equinox.launcher.win32.win32.x86_64_1.2.1400.v20250801-0854;C:\Users\ANLLY\AppData\Local\Temp\jna-95354809

VM Arguments:
jvm_args: --add-modules=ALL-SYSTEM --add-opens=java.base/java.util=ALL-UNNAMED --add-opens=java.base/java.lang=ALL-UNNAMED --add-opens=java.base/sun.nio.fs=ALL-UNNAMED -Declipse.application=org.eclipse.jdt.ls.core.id1 -Dosgi.bundles.defaultStartLevel=4 -Declipse.product=org.eclipse.jdt.ls.core.product -Djava.import.generatesMetadataFilesAtProjectRoot=false -DDetectVMInstallationsJob.disabled=true -Dfile.encoding=utf8 -XX:+UseParallelGC -XX:GCTimeRatio=4 -XX:AdaptiveSizePolicyWeight=90 -Dsun.zip.disableMemoryMapping=true -Xmx2G -Xms100m -Xlog:disable -javaagent:c:\Users\ANLLY\.vscode\extensions\redhat.java-1.46.0-win32-x64\lombok\lombok-1.18.39-4050.jar -XX:+HeapDumpOnOutOfMemoryError -XX:HeapDumpPath=c:\Users\ANLLY\AppData\Roaming\Code\User\workspaceStorage\9f3884d0660570af0be8c3bc92aa5f27\redhat.java -Daether.dependencyCollector.impl=bf 
java_command: c:\Users\ANLLY\.vscode\extensions\redhat.java-1.46.0-win32-x64\server\plugins\org.eclipse.equinox.launcher_1.7.0.v20250519-0528.jar -configuration c:\Users\ANLLY\AppData\Roaming\Code\User\globalStorage\redhat.java\1.46.0\config_win -data c:\Users\ANLLY\AppData\Roaming\Code\User\workspaceStorage\9f3884d0660570af0be8c3bc92aa5f27\redhat.java\jdt_ws --pipe=\\.\pipe\lsp-6f30b6c3258866613614b99dd296eb1a-sock
java_class_path (initial): c:\Users\ANLLY\.vscode\extensions\redhat.java-1.46.0-win32-x64\server\plugins\org.eclipse.equinox.launcher_1.7.0.v20250519-0528.jar
Launcher Type: SUN_STANDARD

[Global flags]
    uintx AdaptiveSizePolicyWeight                 = 90                                        {product} {command line}
     intx CICompilerCount                          = 4                                         {product} {ergonomic}
    uintx GCTimeRatio                              = 4                                         {product} {command line}
     bool HeapDumpOnOutOfMemoryError               = true                                   {manageable} {command line}
    ccstr HeapDumpPath                             = c:\Users\ANLLY\AppData\Roaming\Code\User\workspaceStorage\9f3884d0660570af0be8c3bc92aa5f27\redhat.java         {manageable} {command line}
   size_t InitialHeapSize                          = 104857600                                 {product} {command line}
   size_t MaxHeapSize                              = 2147483648                                {product} {command line}
   size_t MaxNewSize                               = 715653120                                 {product} {ergonomic}
   size_t MinHeapDeltaBytes                        = 524288                                    {product} {ergonomic}
   size_t MinHeapSize                              = 104857600                                 {product} {command line}
   size_t NewSize                                  = 34603008                                  {product} {ergonomic}
    uintx NonNMethodCodeHeapSize                   = 5839372                                {pd product} {ergonomic}
    uintx NonProfiledCodeHeapSize                  = 122909434                              {pd product} {ergonomic}
   size_t OldSize                                  = 70254592                                  {product} {ergonomic}
    uintx ProfiledCodeHeapSize                     = 122909434                              {pd product} {ergonomic}
    uintx ReservedCodeCacheSize                    = 251658240                              {pd product} {ergonomic}
     bool SegmentedCodeCache                       = true                                      {product} {ergonomic}
   size_t SoftMaxHeapSize                          = 2147483648                             {manageable} {ergonomic}
     bool UseCompressedOops                        = true                           {product lp64_product} {ergonomic}
     bool UseLargePagesIndividualAllocation        = false                                  {pd product} {ergonomic}
     bool UseParallelGC                            = true                                      {product} {command line}

Logging:
Log output configuration:
 #0: stdout all=off uptime,level,tags foldmultilines=false
 #1: stderr all=off uptime,level,tags foldmultilines=false

Environment Variables:
JAVA_HOME=C:\Program Files\Java\jdk-17
PATH=C:\Program Files\Java\jdk-17\bin;C:\Program Files\Common Files\Oracle\Java\javapath;C:\WINDOWS\system32;C:\WINDOWS;C:\WINDOWS\System32\Wbem;C:\WINDOWS\System32\WindowsPowerShell\v1.0\;C:\WINDOWS\System32\OpenSSH\;C:\Program Files\dotnet\;D:\cositas\bin;C:\Program Files (x86)\Microsoft SQL Server\160\Tools\Binn\;C:\Program Files\Microsoft SQL Server\160\Tools\Binn\;C:\Program Files\Microsoft SQL Server\Client SDK\ODBC\170\Tools\Binn\;C:\Program Files\Microsoft SQL Server\160\DTS\Binn\;C:\Program Files (x86)\Microsoft SQL Server\160\DTS\Binn\;C:\Program Files\PostgreSQL\17\bin;C:\Program Files\Git\cmd;C:\Users\ANLLY\AppData\Local\Programs\Python\Python313\Scripts\;C:\Users\ANLLY\AppData\Local\Programs\Python\Python313\;C:\Users\ANLLY\AppData\Local\Microsoft\WindowsApps;C:\Program Files\Azure Data Studio\bin;D:\Adobe\Microsoft VS Code\bin;C:\Users\ANLLY\AppData\Local\Programs\Microsoft VS Code\bin
USERNAME=darko
OS=Windows_NT
PROCESSOR_IDENTIFIER=Intel64 Family 6 Model 126 Stepping 5, GenuineIntel
TMP=C:\Users\ANLLY\AppData\Local\Temp
TEMP=C:\Users\ANLLY\AppData\Local\Temp




Periodic native trim disabled

---------------  S Y S T E M  ---------------

OS:
 Windows 11 , 64 bit Build 26100 (10.0.26100.6725)
OS uptime: 9 days 10:34 hours
Hyper-V role detected

CPU: total 8 (initial active 8) (4 cores per cpu, 2 threads per core) family 6 model 126 stepping 5 microcode 0xb2, cx8, cmov, fxsr, ht, mmx, 3dnowpref, sse, sse2, sse3, ssse3, sse4.1, sse4.2, popcnt, lzcnt, tsc, tscinvbit, avx, avx2, aes, erms, clmul, bmi1, bmi2, adx, avx512f, avx512dq, avx512cd, avx512bw, avx512vl, sha, fma, vzeroupper, avx512_vpopcntdq, avx512_vpclmulqdq, avx512_vaes, avx512_vnni, clflush, clflushopt, avx512_vbmi2, avx512_vbmi, hv, rdtscp, rdpid, fsrm, gfni, avx512_bitalg, f16c, avx512_ifma
Processor Information for the first 8 processors :
  Max Mhz: 1498, Current Mhz: 1098, Mhz Limit: 1093

Memory: 4k page, system-wide physical 12030M (1131M free)
TotalPageFile size 27160M (AvailPageFile size 24M)
current process WorkingSet (physical memory assigned to process): 66M, peak: 1101M
current process commit charge ("private bytes"): 1031M, peak: 1058M

vm_info: OpenJDK 64-Bit Server VM (21.0.8+9-LTS) for windows-amd64 JRE (21.0.8+9-LTS), built on 2025-07-15T00:00:00Z by "admin" with MS VC++ 17.7 (VS2022)

END.
