#
# There is insufficient memory for the Java Runtime Environment to continue.
# Native memory allocation (malloc) failed to allocate 1048576 bytes. Error detail: AllocateHeap
# Possible reasons:
#   The system is out of physical RAM or swap space
#   This process is running with CompressedOops enabled, and the Java Heap may be blocking the growth of the native heap
# Possible solutions:
#   Reduce memory load on the system
#   Increase physical memory or swap space
#   Check if swap backing store is full
#   Decrease Java heap size (-Xmx/-Xms)
#   Decrease number of Java threads
#   Decrease Java thread stack sizes (-Xss)
#   Set larger code cache with -XX:ReservedCodeCacheSize=
#   JVM is running with Unscaled Compressed Oops mode in which the Java heap is
#     placed in the first 4GB address space. The Java Heap base address is the
#     maximum limit for the native heap growth. Please use -XX:HeapBaseMinAddress
#     to set the Java Heap base and to place the Java Heap above 4GB virtual address.
# This output file may be truncated or incomplete.
#
#  Out of Memory Error (allocation.cpp:44), pid=10516, tid=32568
#
# JRE version: OpenJDK Runtime Environment Temurin-21.0.8+9 (21.0.8+9) (build 21.0.8+9-LTS)
# Java VM: OpenJDK 64-Bit Server VM Temurin-21.0.8+9 (21.0.8+9-LTS, mixed mode, sharing, tiered, compressed oops, compressed class ptrs, parallel gc, windows-amd64)
# No core dump will be written. Minidumps are not enabled by default on client versions of Windows
#

---------------  S U M M A R Y ------------

Command Line: --add-modules=ALL-SYSTEM --add-opens=java.base/java.util=ALL-UNNAMED --add-opens=java.base/java.lang=ALL-UNNAMED --add-opens=java.base/sun.nio.fs=ALL-UNNAMED -Declipse.application=org.eclipse.jdt.ls.core.id1 -Dosgi.bundles.defaultStartLevel=4 -Declipse.product=org.eclipse.jdt.ls.core.product -Djava.import.generatesMetadataFilesAtProjectRoot=false -DDetectVMInstallationsJob.disabled=true -Dfile.encoding=utf8 -XX:+UseParallelGC -XX:GCTimeRatio=4 -XX:AdaptiveSizePolicyWeight=90 -Dsun.zip.disableMemoryMapping=true -Xmx2G -Xms100m -Xlog:disable -javaagent:c:\Users\ASUS\.vscode\extensions\redhat.java-1.47.0-win32-x64\lombok\lombok-1.18.39-4050.jar -XX:+HeapDumpOnOutOfMemoryError -XX:HeapDumpPath=c:\Users\ASUS\AppData\Roaming\Code\User\workspaceStorage\e82beeda5a9d4401312f9ee5fc678fe1\redhat.java -Daether.dependencyCollector.impl=bf c:\Users\ASUS\.vscode\extensions\redhat.java-1.47.0-win32-x64\server\plugins\org.eclipse.equinox.launcher_1.7.100.v20251014-1222.jar -configuration c:\Users\ASUS\AppData\Roaming\Code\User\globalStorage\redhat.java\1.47.0\config_win -data c:\Users\ASUS\AppData\Roaming\Code\User\workspaceStorage\e82beeda5a9d4401312f9ee5fc678fe1\redhat.java\jdt_ws --pipe=\\.\pipe\lsp-59f96408a040a9beb1d485685f67bbd5-sock

Host: Intel(R) Core(TM) i5-10300H CPU @ 2.50GHz, 8 cores, 7G,  Windows 11 , 64 bit Build 26100 (10.0.26100.6725)
Time: Sun Nov  9 21:30:55 2025 Hora est. Pacífico, Sudamérica elapsed time: 15792.246512 seconds (0d 4h 23m 12s)

---------------  T H R E A D  ---------------

Current thread (0x000001e2b97ca190):  JavaThread "Attach Listener" daemon [_thread_in_vm, id=32568, stack(0x0000005abb800000,0x0000005abb900000) (1024K)]

Stack: [0x0000005abb800000,0x0000005abb900000]
Native frames: (J=compiled Java code, j=interpreted, Vv=VM code, C=native code)
V  [jvm.dll+0x6d2449]
V  [jvm.dll+0x8ae341]
V  [jvm.dll+0x8b08be]
V  [jvm.dll+0x8b0fa3]
V  [jvm.dll+0x280c96]
V  [jvm.dll+0xc0347]
V  [jvm.dll+0x6d2cf9]
V  [jvm.dll+0x131116]
V  [jvm.dll+0x3f2d16]
V  [jvm.dll+0x857e6b]
V  [jvm.dll+0x6d0b0d]
C  [ucrtbase.dll+0x37b0]
C  [KERNEL32.DLL+0x2e8d7]
C  [ntdll.dll+0x8c53c]


---------------  P R O C E S S  ---------------

Threads class SMR info:
_java_thread_list=0x000001e317db98a0, length=38, elements={
0x000001e2b984e810, 0x000001e2b97c3420, 0x000001e2b97c55d0, 0x000001e2b97c9540,
0x000001e2b97ca190, 0x000001e2b97d0260, 0x000001e2b97d0cb0, 0x000001e2b97d1ae0,
0x000001e2b97fe860, 0x000001e2b98bb390, 0x000001e312da59b0, 0x000001e31750c400,
0x000001e31740abe0, 0x000001e3179bbcf0, 0x000001e312dd5620, 0x000001e317b47100,
0x000001e317a045e0, 0x000001e317f35330, 0x000001e317fcc610, 0x000001e31825eda0,
0x000001e318261500, 0x000001e31825e080, 0x000001e31825e710, 0x000001e31825f430,
0x000001e31846a170, 0x000001e318468730, 0x000001e318468dc0, 0x000001e3184680a0,
0x000001e31846bbb0, 0x000001e31846c240, 0x000001e318469450, 0x000001e31846c8d0,
0x000001e31aefd580, 0x000001e31af01090, 0x000001e31a046f90, 0x000001e31a043b10,
0x000001e31a044830, 0x000001e31a045be0
}

Java Threads: ( => current thread )
  0x000001e2b984e810 JavaThread "main"                              [_thread_blocked, id=1924, stack(0x0000005abb100000,0x0000005abb200000) (1024K)]
  0x000001e2b97c3420 JavaThread "Reference Handler"          daemon [_thread_blocked, id=29504, stack(0x0000005abb500000,0x0000005abb600000) (1024K)]
  0x000001e2b97c55d0 JavaThread "Finalizer"                  daemon [_thread_blocked, id=36044, stack(0x0000005abb600000,0x0000005abb700000) (1024K)]
  0x000001e2b97c9540 JavaThread "Signal Dispatcher"          daemon [_thread_blocked, id=40212, stack(0x0000005abb700000,0x0000005abb800000) (1024K)]
=>0x000001e2b97ca190 JavaThread "Attach Listener"            daemon [_thread_in_vm, id=32568, stack(0x0000005abb800000,0x0000005abb900000) (1024K)]
  0x000001e2b97d0260 JavaThread "Service Thread"             daemon [_thread_blocked, id=27484, stack(0x0000005abb900000,0x0000005abba00000) (1024K)]
  0x000001e2b97d0cb0 JavaThread "Monitor Deflation Thread"   daemon [_thread_blocked, id=40936, stack(0x0000005abba00000,0x0000005abbb00000) (1024K)]
  0x000001e2b97d1ae0 JavaThread "C2 CompilerThread0"         daemon [_thread_blocked, id=29588, stack(0x0000005abbb00000,0x0000005abbc00000) (1024K)]
  0x000001e2b97fe860 JavaThread "C1 CompilerThread0"         daemon [_thread_blocked, id=9820, stack(0x0000005abbc00000,0x0000005abbd00000) (1024K)]
  0x000001e2b98bb390 JavaThread "Common-Cleaner"             daemon [_thread_blocked, id=31356, stack(0x0000005abbd00000,0x0000005abbe00000) (1024K)]
  0x000001e312da59b0 JavaThread "Notification Thread"        daemon [_thread_blocked, id=11288, stack(0x0000005abbe00000,0x0000005abbf00000) (1024K)]
  0x000001e31750c400 JavaThread "Active Thread: Equinox Container: 0256ae07-685f-4d69-a82e-c83595dfce8d"        [_thread_blocked, id=13244, stack(0x0000005abc700000,0x0000005abc800000) (1024K)]
  0x000001e31740abe0 JavaThread "Refresh Thread: Equinox Container: 0256ae07-685f-4d69-a82e-c83595dfce8d" daemon [_thread_blocked, id=8608, stack(0x0000005abc800000,0x0000005abc900000) (1024K)]
  0x000001e3179bbcf0 JavaThread "Framework Event Dispatcher: Equinox Container: 0256ae07-685f-4d69-a82e-c83595dfce8d" daemon [_thread_blocked, id=29332, stack(0x0000005abca00000,0x0000005abcb00000) (1024K)]
  0x000001e312dd5620 JavaThread "Start Level: Equinox Container: 0256ae07-685f-4d69-a82e-c83595dfce8d" daemon [_thread_blocked, id=31920, stack(0x0000005abcb00000,0x0000005abcc00000) (1024K)]
  0x000001e317b47100 JavaThread "Bundle File Closer"         daemon [_thread_blocked, id=36340, stack(0x0000005abcc00000,0x0000005abcd00000) (1024K)]
  0x000001e317a045e0 JavaThread "SCR Component Actor"        daemon [_thread_blocked, id=37704, stack(0x0000005abc600000,0x0000005abc700000) (1024K)]
  0x000001e317f35330 JavaThread "Worker-JM"                         [_thread_blocked, id=14612, stack(0x0000005abce00000,0x0000005abcf00000) (1024K)]
  0x000001e317fcc610 JavaThread "JNA Cleaner"                daemon [_thread_blocked, id=10400, stack(0x0000005abbf00000,0x0000005abc000000) (1024K)]
  0x000001e31825eda0 JavaThread "Java indexing"              daemon [_thread_blocked, id=38144, stack(0x0000005abd200000,0x0000005abd300000) (1024K)]
  0x000001e318261500 JavaThread "Thread-1"                   daemon [_thread_in_native, id=38104, stack(0x0000005abd800000,0x0000005abd900000) (1024K)]
  0x000001e31825e080 JavaThread "Thread-2"                   daemon [_thread_in_native, id=20900, stack(0x0000005abd900000,0x0000005abda00000) (1024K)]
  0x000001e31825e710 JavaThread "Thread-3"                   daemon [_thread_in_native, id=31312, stack(0x0000005abda00000,0x0000005abdb00000) (1024K)]
  0x000001e31825f430 JavaThread "Thread-4"                   daemon [_thread_in_native, id=8, stack(0x0000005abdb00000,0x0000005abdc00000) (1024K)]
  0x000001e31846a170 JavaThread "Thread-5"                   daemon [_thread_in_native, id=29268, stack(0x0000005abdc00000,0x0000005abdd00000) (1024K)]
  0x000001e318468730 JavaThread "Thread-6"                   daemon [_thread_in_native, id=11472, stack(0x0000005abdd00000,0x0000005abde00000) (1024K)]
  0x000001e318468dc0 JavaThread "Thread-7"                   daemon [_thread_in_native, id=28928, stack(0x0000005abde00000,0x0000005abdf00000) (1024K)]
  0x000001e3184680a0 JavaThread "Thread-8"                   daemon [_thread_in_native, id=1784, stack(0x0000005abdf00000,0x0000005abe000000) (1024K)]
  0x000001e31846bbb0 JavaThread "Thread-9"                   daemon [_thread_in_native, id=30332, stack(0x0000005abe000000,0x0000005abe100000) (1024K)]
  0x000001e31846c240 JavaThread "pool-2-thread-1"                   [_thread_blocked, id=6248, stack(0x0000005abe100000,0x0000005abe200000) (1024K)]
  0x000001e318469450 JavaThread "WorkspaceEventsHandler"            [_thread_blocked, id=28776, stack(0x0000005abe300000,0x0000005abe400000) (1024K)]
  0x000001e31846c8d0 JavaThread "pool-1-thread-1"                   [_thread_blocked, id=17352, stack(0x0000005abe400000,0x0000005abe500000) (1024K)]
  0x000001e31aefd580 JavaThread "Cleaner-0"                  daemon [_thread_blocked, id=34548, stack(0x0000005abe600000,0x0000005abe700000) (1024K)]
  0x000001e31af01090 JavaThread "Worker-23"                         [_thread_blocked, id=27344, stack(0x0000005abd600000,0x0000005abd700000) (1024K)]
  0x000001e31a046f90 JavaThread "Worker-28"                         [_thread_blocked, id=32504, stack(0x0000005abe500000,0x0000005abe600000) (1024K)]
  0x000001e31a043b10 JavaThread "ForkJoinPool.commonPool-worker-43" daemon [_thread_blocked, id=1732, stack(0x0000005abb000000,0x0000005abb100000) (1024K)]
  0x000001e31a044830 JavaThread "ForkJoinPool.commonPool-worker-45" daemon [_thread_blocked, id=35724, stack(0x0000005abcf00000,0x0000005abd000000) (1024K)]
  0x000001e31a045be0 JavaThread "ForkJoinPool.commonPool-worker-48" daemon [_thread_blocked, id=14564, stack(0x0000005abd300000,0x0000005abd400000) (1024K)]
Total: 38

Other Threads:
  0x000001e2b7435350 VMThread "VM Thread"                           [id=21148, stack(0x0000005abb400000,0x0000005abb500000) (1024K)]
  0x000001e2b96dca00 WatcherThread "VM Periodic Task Thread"        [id=3000, stack(0x0000005abb300000,0x0000005abb400000) (1024K)]
  0x000001e2b7435a90 WorkerThread "GC Thread#0"                     [id=26532, stack(0x0000005abb200000,0x0000005abb300000) (1024K)]
  0x000001e2b7434870 WorkerThread "GC Thread#1"                     [id=32512, stack(0x0000005abc000000,0x0000005abc100000) (1024K)]
  0x000001e2b7434c10 WorkerThread "GC Thread#2"                     [id=37988, stack(0x0000005abc100000,0x0000005abc200000) (1024K)]
  0x000001e317432830 WorkerThread "GC Thread#3"                     [id=13092, stack(0x0000005abc200000,0x0000005abc300000) (1024K)]
  0x000001e317431610 WorkerThread "GC Thread#4"                     [id=26728, stack(0x0000005abc300000,0x0000005abc400000) (1024K)]
  0x000001e317432f70 WorkerThread "GC Thread#5"                     [id=14648, stack(0x0000005abc400000,0x0000005abc500000) (1024K)]
  0x000001e317432bd0 WorkerThread "GC Thread#6"                     [id=11804, stack(0x0000005abc500000,0x0000005abc600000) (1024K)]
  0x000001e3174319b0 WorkerThread "GC Thread#7"                     [id=30768, stack(0x0000005abc900000,0x0000005abca00000) (1024K)]
Total: 10

Threads with active compile tasks:
Total: 0

VM state: not at safepoint (normal execution)

VM Mutex/Monitor currently owned by a thread: None

Heap address: 0x0000000080000000, size: 2048 MB, Compressed Oops mode: 32-bit

CDS archive(s) mapped at: [0x000001e2d1000000-0x000001e2d1ba0000-0x000001e2d1ba0000), size 12189696, SharedBaseAddress: 0x000001e2d1000000, ArchiveRelocationMode: 1.
Compressed class space mapped at: 0x000001e2d2000000-0x000001e312000000, reserved size: 1073741824
Narrow klass base: 0x000001e2d1000000, Narrow klass shift: 0, Narrow klass range: 0x100000000

GC Precious Log:
 CardTable entry size: 512
 CPUs: 8 total, 8 available
 Memory: 8028M
 Large Page Support: Disabled
 NUMA Support: Disabled
 Compressed Oops: Enabled (32-bit)
 Alignments: Space 512K, Generation 512K, Heap 2M
 Heap Min Capacity: 100M
 Heap Initial Capacity: 100M
 Heap Max Capacity: 2G
 Pre-touch: Disabled
 Parallel Workers: 8

Heap:
 PSYoungGen      total 4608K, used 476K [0x00000000d5580000, 0x00000000d5a80000, 0x0000000100000000)
  eden space 4096K, 6% used [0x00000000d5580000,0x00000000d55c7120,0x00000000d5980000)
  from space 512K, 37% used [0x00000000d5a00000,0x00000000d5a30000,0x00000000d5a80000)
  to   space 512K, 0% used [0x00000000d5980000,0x00000000d5980000,0x00000000d5a00000)
 ParOldGen       total 710144K, used 709679K [0x0000000080000000, 0x00000000ab580000, 0x00000000d5580000)
  object space 710144K, 99% used [0x0000000080000000,0x00000000ab50bd50,0x00000000ab580000)
 Metaspace       used 94610K, committed 96448K, reserved 1179648K
  class space    used 9495K, committed 10304K, reserved 1048576K

Card table byte_map: [0x000001e2b91f0000,0x000001e2b9600000] _byte_map_base: 0x000001e2b8df0000

Marking Bits: (ParMarkBitMap*) 0x00007ffd068aa340
 Begin Bits: [0x000001e2cbcf0000, 0x000001e2cdcf0000)
 End Bits:   [0x000001e2cdcf0000, 0x000001e2cfcf0000)

Polling page: 0x000001e2b7630000

Metaspace:

Usage:
  Non-class:     83.12 MB used.
      Class:      9.27 MB used.
       Both:     92.39 MB used.

Virtual space:
  Non-class space:      128.00 MB reserved,      84.12 MB ( 66%) committed,  2 nodes.
      Class space:        1.00 GB reserved,      10.06 MB ( <1%) committed,  1 nodes.
             Both:        1.12 GB reserved,      94.19 MB (  8%) committed. 

Chunk freelists:
   Non-Class:  11.72 MB
       Class:  5.90 MB
        Both:  17.62 MB

MaxMetaspaceSize: unlimited
CompressedClassSpaceSize: 1.00 GB
Initial GC threshold: 21.00 MB
Current GC threshold: 155.00 MB
CDS: on
 - commit_granule_bytes: 65536.
 - commit_granule_words: 8192.
 - virtual_space_node_default_size: 8388608.
 - enlarge_chunks_in_place: 1.
 - use_allocation_guard: 0.


Internal statistics:

num_allocs_failed_limit: 9.
num_arena_births: 2032.
num_arena_deaths: 468.
num_vsnodes_births: 3.
num_vsnodes_deaths: 0.
num_space_committed: 1511.
num_space_uncommitted: 3.
num_chunks_returned_to_freelist: 602.
num_chunks_taken_from_freelist: 7054.
num_chunk_merges: 171.
num_chunk_splits: 3926.
num_chunks_enlarged: 2013.
num_inconsistent_stats: 0.

CodeHeap 'non-profiled nmethods': size=120000Kb used=23920Kb max_used=23920Kb free=96080Kb
 bounds [0x000001e2c4510000, 0x000001e2c5c70000, 0x000001e2cba40000]
CodeHeap 'profiled nmethods': size=120000Kb used=48347Kb max_used=48347Kb free=71653Kb
 bounds [0x000001e2bca40000, 0x000001e2bf980000, 0x000001e2c3f70000]
CodeHeap 'non-nmethods': size=5760Kb used=1535Kb max_used=1627Kb free=4224Kb
 bounds [0x000001e2c3f70000, 0x000001e2c41e0000, 0x000001e2c4510000]
CodeCache: size=245760Kb, used=73802Kb, max_used=73894Kb, free=171957Kb
 total_blobs=20370, nmethods=19513, adapters=758, full_count=0
Compilation: enabled, stopped_count=0, restarted_count=0

Compilation events (20 events):
Event: 15469.358 Thread 0x000001e2b97fe860 25938       1       org.eclipse.jdt.internal.ui.text.correction.SimilarElementsRequestor::isTestCodeExcluded (5 bytes)
Event: 15469.358 Thread 0x000001e2b97fe860 nmethod 25938 0x000001e2c5c6ba10 code [0x000001e2c5c6bba0, 0x000001e2c5c6bc70]
Event: 15469.364 Thread 0x000001e2b97fe860 25939   !   3       org.eclipse.jdt.internal.codeassist.complete.CompletionNodeDetector::<init> (87 bytes)
Event: 15469.371 Thread 0x000001e2b97fe860 nmethod 25939 0x000001e2bf977290 code [0x000001e2bf9774e0, 0x000001e2bf978020]
Event: 15469.395 Thread 0x000001e2b97fe860 25940       1       org.eclipse.jdt.ls.core.internal.corrections.proposals.ReorgCorrectionsSubProcessor::createProjectSetupFixProposal (2 bytes)
Event: 15469.400 Thread 0x000001e2b97fe860 nmethod 25940 0x000001e2c5c6bd10 code [0x000001e2c5c6bea0, 0x000001e2c5c6bf70]
Event: 15469.402 Thread 0x000001e2b97fe860 25941       3       org.eclipse.jdt.ls.core.internal.handlers.GenerateConstructorsHandler$$Lambda/0x000001e2d28fd198::apply (8 bytes)
Event: 15469.407 Thread 0x000001e2b97fe860 nmethod 25941 0x000001e2bf978410 code [0x000001e2bf9785e0, 0x000001e2bf9788f0]
Event: 15469.407 Thread 0x000001e2b97fe860 25942       3       org.eclipse.jdt.ls.core.internal.handlers.GenerateConstructorsHandler::lambda$0 (9 bytes)
Event: 15469.407 Thread 0x000001e2b97fe860 nmethod 25942 0x000001e2bf978a10 code [0x000001e2bf978bc0, 0x000001e2bf978d48]
Event: 15469.407 Thread 0x000001e2b97fe860 25943       3       org.eclipse.jdt.ls.core.internal.handlers.JdtDomModels$LspMethodBinding::<init> (61 bytes)
Event: 15469.443 Thread 0x000001e2b97fe860 nmethod 25943 0x000001e2bf978e10 code [0x000001e2bf979100, 0x000001e2bf97a048]
Event: 15469.443 Thread 0x000001e2b97fe860 25944       3       org.eclipse.jdt.ls.core.internal.handlers.JdtDomModels$LspMethodBinding$$Lambda/0x000001e2d28fdc38::apply (5 bytes)
Event: 15469.444 Thread 0x000001e2b97fe860 nmethod 25944 0x000001e2bf97a610 code [0x000001e2bf97a7c0, 0x000001e2bf97a9b8]
Event: 15469.444 Thread 0x000001e2b97fe860 25945       3       org.eclipse.jdt.ls.core.internal.handlers.JdtDomModels$LspMethodBinding::lambda$1 (5 bytes)
Event: 15469.444 Thread 0x000001e2b97fe860 nmethod 25945 0x000001e2bf97aa90 code [0x000001e2bf97ac20, 0x000001e2bf97ada0]
Event: 15469.444 Thread 0x000001e2b97fe860 25946       3       org.eclipse.jdt.ls.core.internal.handlers.GenerateConstructorsHandler$$Lambda/0x000001e2d28fe4a8::apply (5 bytes)
Event: 15469.445 Thread 0x000001e2b97fe860 nmethod 25946 0x000001e2bf97ae90 code [0x000001e2bf97b040, 0x000001e2bf97b238]
Event: 15469.445 Thread 0x000001e2b97fe860 25947       3       org.eclipse.jdt.ls.core.internal.handlers.GenerateConstructorsHandler::lambda$3 (5 bytes)
Event: 15469.445 Thread 0x000001e2b97fe860 nmethod 25947 0x000001e2bf97b310 code [0x000001e2bf97b4a0, 0x000001e2bf97b620]

GC Heap History (20 events):
Event: 15467.933 GC heap before
{Heap before GC invocations=4104 (full 7):
 PSYoungGen      total 2560K, used 2400K [0x00000000d5580000, 0x00000000d5b00000, 0x0000000100000000)
  eden space 2048K, 100% used [0x00000000d5580000,0x00000000d5780000,0x00000000d5780000)
  from space 512K, 68% used [0x00000000d5a80000,0x00000000d5ad8000,0x00000000d5b00000)
  to   space 1536K, 0% used [0x00000000d5800000,0x00000000d5800000,0x00000000d5980000)
 ParOldGen       total 703488K, used 703268K [0x0000000080000000, 0x00000000aaf00000, 0x00000000d5580000)
  object space 703488K, 99% used [0x0000000080000000,0x00000000aaec90c0,0x00000000aaf00000)
 Metaspace       used 94607K, committed 96448K, reserved 1179648K
  class space    used 9495K, committed 10304K, reserved 1048576K
}
Event: 15467.936 GC heap after
{Heap after GC invocations=4104 (full 7):
 PSYoungGen      total 3584K, used 308K [0x00000000d5580000, 0x00000000d5b00000, 0x0000000100000000)
  eden space 2048K, 0% used [0x00000000d5580000,0x00000000d5580000,0x00000000d5780000)
  from space 1536K, 20% used [0x00000000d5800000,0x00000000d584d200,0x00000000d5980000)
  to   space 512K, 0% used [0x00000000d5a80000,0x00000000d5a80000,0x00000000d5b00000)
 ParOldGen       total 703488K, used 703417K [0x0000000080000000, 0x00000000aaf00000, 0x00000000d5580000)
  object space 703488K, 99% used [0x0000000080000000,0x00000000aaeee640,0x00000000aaf00000)
 Metaspace       used 94607K, committed 96448K, reserved 1179648K
  class space    used 9495K, committed 10304K, reserved 1048576K
}
Event: 15468.030 GC heap before
{Heap before GC invocations=4105 (full 7):
 PSYoungGen      total 3584K, used 2356K [0x00000000d5580000, 0x00000000d5b00000, 0x0000000100000000)
  eden space 2048K, 100% used [0x00000000d5580000,0x00000000d5780000,0x00000000d5780000)
  from space 1536K, 20% used [0x00000000d5800000,0x00000000d584d200,0x00000000d5980000)
  to   space 512K, 0% used [0x00000000d5a80000,0x00000000d5a80000,0x00000000d5b00000)
 ParOldGen       total 703488K, used 703417K [0x0000000080000000, 0x00000000aaf00000, 0x00000000d5580000)
  object space 703488K, 99% used [0x0000000080000000,0x00000000aaeee640,0x00000000aaf00000)
 Metaspace       used 94607K, committed 96448K, reserved 1179648K
  class space    used 9495K, committed 10304K, reserved 1048576K
}
Event: 15468.033 GC heap after
{Heap after GC invocations=4105 (full 7):
 PSYoungGen      total 2560K, used 512K [0x00000000d5580000, 0x00000000d5b00000, 0x0000000100000000)
  eden space 2048K, 0% used [0x00000000d5580000,0x00000000d5580000,0x00000000d5780000)
  from space 512K, 100% used [0x00000000d5a80000,0x00000000d5b00000,0x00000000d5b00000)
  to   space 1024K, 0% used [0x00000000d5900000,0x00000000d5900000,0x00000000d5a00000)
 ParOldGen       total 704000K, used 703686K [0x0000000080000000, 0x00000000aaf80000, 0x00000000d5580000)
  object space 704000K, 99% used [0x0000000080000000,0x00000000aaf31850,0x00000000aaf80000)
 Metaspace       used 94607K, committed 96448K, reserved 1179648K
  class space    used 9495K, committed 10304K, reserved 1048576K
}
Event: 15469.360 GC heap before
{Heap before GC invocations=4106 (full 7):
 PSYoungGen      total 2560K, used 2560K [0x00000000d5580000, 0x00000000d5b00000, 0x0000000100000000)
  eden space 2048K, 100% used [0x00000000d5580000,0x00000000d5780000,0x00000000d5780000)
  from space 512K, 100% used [0x00000000d5a80000,0x00000000d5b00000,0x00000000d5b00000)
  to   space 1024K, 0% used [0x00000000d5900000,0x00000000d5900000,0x00000000d5a00000)
 ParOldGen       total 704000K, used 703686K [0x0000000080000000, 0x00000000aaf80000, 0x00000000d5580000)
  object space 704000K, 99% used [0x0000000080000000,0x00000000aaf31850,0x00000000aaf80000)
 Metaspace       used 94607K, committed 96448K, reserved 1179648K
  class space    used 9495K, committed 10304K, reserved 1048576K
}
Event: 15469.364 GC heap after
{Heap after GC invocations=4106 (full 7):
 PSYoungGen      total 3072K, used 314K [0x00000000d5580000, 0x00000000d5b00000, 0x0000000100000000)
  eden space 2048K, 0% used [0x00000000d5580000,0x00000000d5580000,0x00000000d5780000)
  from space 1024K, 30% used [0x00000000d5900000,0x00000000d594e900,0x00000000d5a00000)
  to   space 512K, 0% used [0x00000000d5a80000,0x00000000d5a80000,0x00000000d5b00000)
 ParOldGen       total 704512K, used 704166K [0x0000000080000000, 0x00000000ab000000, 0x00000000d5580000)
  object space 704512K, 99% used [0x0000000080000000,0x00000000aafa9850,0x00000000ab000000)
 Metaspace       used 94607K, committed 96448K, reserved 1179648K
  class space    used 9495K, committed 10304K, reserved 1048576K
}
Event: 15469.368 GC heap before
{Heap before GC invocations=4107 (full 7):
 PSYoungGen      total 3072K, used 2362K [0x00000000d5580000, 0x00000000d5b00000, 0x0000000100000000)
  eden space 2048K, 100% used [0x00000000d5580000,0x00000000d5780000,0x00000000d5780000)
  from space 1024K, 30% used [0x00000000d5900000,0x00000000d594e900,0x00000000d5a00000)
  to   space 512K, 0% used [0x00000000d5a80000,0x00000000d5a80000,0x00000000d5b00000)
 ParOldGen       total 704512K, used 704166K [0x0000000080000000, 0x00000000ab000000, 0x00000000d5580000)
  object space 704512K, 99% used [0x0000000080000000,0x00000000aafa9850,0x00000000ab000000)
 Metaspace       used 94607K, committed 96448K, reserved 1179648K
  class space    used 9495K, committed 10304K, reserved 1048576K
}
Event: 15469.369 GC heap after
{Heap after GC invocations=4107 (full 7):
 PSYoungGen      total 2560K, used 480K [0x00000000d5580000, 0x00000000d5b00000, 0x0000000100000000)
  eden space 2048K, 0% used [0x00000000d5580000,0x00000000d5580000,0x00000000d5780000)
  from space 512K, 93% used [0x00000000d5a80000,0x00000000d5af8000,0x00000000d5b00000)
  to   space 1024K, 0% used [0x00000000d5900000,0x00000000d5900000,0x00000000d5a00000)
 ParOldGen       total 704512K, used 704322K [0x0000000080000000, 0x00000000ab000000, 0x00000000d5580000)
  object space 704512K, 99% used [0x0000000080000000,0x00000000aafd0a50,0x00000000ab000000)
 Metaspace       used 94607K, committed 96448K, reserved 1179648K
  class space    used 9495K, committed 10304K, reserved 1048576K
}
Event: 15469.372 GC heap before
{Heap before GC invocations=4108 (full 7):
 PSYoungGen      total 2560K, used 2527K [0x00000000d5580000, 0x00000000d5b00000, 0x0000000100000000)
  eden space 2048K, 99% used [0x00000000d5580000,0x00000000d577fff8,0x00000000d5780000)
  from space 512K, 93% used [0x00000000d5a80000,0x00000000d5af8000,0x00000000d5b00000)
  to   space 1024K, 0% used [0x00000000d5900000,0x00000000d5900000,0x00000000d5a00000)
 ParOldGen       total 704512K, used 704322K [0x0000000080000000, 0x00000000ab000000, 0x00000000d5580000)
  object space 704512K, 99% used [0x0000000080000000,0x00000000aafd0a50,0x00000000ab000000)
 Metaspace       used 94607K, committed 96448K, reserved 1179648K
  class space    used 9495K, committed 10304K, reserved 1048576K
}
Event: 15469.375 GC heap after
{Heap after GC invocations=4108 (full 7):
 PSYoungGen      total 3584K, used 512K [0x00000000d5580000, 0x00000000d5b00000, 0x0000000100000000)
  eden space 2560K, 0% used [0x00000000d5580000,0x00000000d5580000,0x00000000d5800000)
  from space 1024K, 50% used [0x00000000d5900000,0x00000000d5980000,0x00000000d5a00000)
  to   space 1024K, 0% used [0x00000000d5a00000,0x00000000d5a00000,0x00000000d5b00000)
 ParOldGen       total 705024K, used 704730K [0x0000000080000000, 0x00000000ab080000, 0x00000000d5580000)
  object space 705024K, 99% used [0x0000000080000000,0x00000000ab036a50,0x00000000ab080000)
 Metaspace       used 94607K, committed 96448K, reserved 1179648K
  class space    used 9495K, committed 10304K, reserved 1048576K
}
Event: 15469.378 GC heap before
{Heap before GC invocations=4109 (full 7):
 PSYoungGen      total 3584K, used 3072K [0x00000000d5580000, 0x00000000d5b00000, 0x0000000100000000)
  eden space 2560K, 100% used [0x00000000d5580000,0x00000000d5800000,0x00000000d5800000)
  from space 1024K, 50% used [0x00000000d5900000,0x00000000d5980000,0x00000000d5a00000)
  to   space 1024K, 0% used [0x00000000d5a00000,0x00000000d5a00000,0x00000000d5b00000)
 ParOldGen       total 705024K, used 704730K [0x0000000080000000, 0x00000000ab080000, 0x00000000d5580000)
  object space 705024K, 99% used [0x0000000080000000,0x00000000ab036a50,0x00000000ab080000)
 Metaspace       used 94607K, committed 96448K, reserved 1179648K
  class space    used 9495K, committed 10304K, reserved 1048576K
}
Event: 15469.380 GC heap after
{Heap after GC invocations=4109 (full 7):
 PSYoungGen      total 3072K, used 1008K [0x00000000d5580000, 0x00000000d5d80000, 0x0000000100000000)
  eden space 2048K, 0% used [0x00000000d5580000,0x00000000d5580000,0x00000000d5780000)
  from space 1024K, 98% used [0x00000000d5a00000,0x00000000d5afc2f0,0x00000000d5b00000)
  to   space 2560K, 0% used [0x00000000d5780000,0x00000000d5780000,0x00000000d5a00000)
 ParOldGen       total 706048K, used 705922K [0x0000000080000000, 0x00000000ab180000, 0x00000000d5580000)
  object space 706048K, 99% used [0x0000000080000000,0x00000000ab160a50,0x00000000ab180000)
 Metaspace       used 94607K, committed 96448K, reserved 1179648K
  class space    used 9495K, committed 10304K, reserved 1048576K
}
Event: 15469.384 GC heap before
{Heap before GC invocations=4110 (full 7):
 PSYoungGen      total 3072K, used 3056K [0x00000000d5580000, 0x00000000d5d80000, 0x0000000100000000)
  eden space 2048K, 100% used [0x00000000d5580000,0x00000000d5780000,0x00000000d5780000)
  from space 1024K, 98% used [0x00000000d5a00000,0x00000000d5afc2f0,0x00000000d5b00000)
  to   space 2560K, 0% used [0x00000000d5780000,0x00000000d5780000,0x00000000d5a00000)
 ParOldGen       total 706048K, used 705922K [0x0000000080000000, 0x00000000ab180000, 0x00000000d5580000)
  object space 706048K, 99% used [0x0000000080000000,0x00000000ab160a50,0x00000000ab180000)
 Metaspace       used 94607K, committed 96448K, reserved 1179648K
  class space    used 9495K, committed 10304K, reserved 1048576K
}
Event: 15469.387 GC heap after
{Heap after GC invocations=4110 (full 7):
 PSYoungGen      total 4608K, used 2112K [0x00000000d5580000, 0x00000000d5d00000, 0x0000000100000000)
  eden space 2048K, 0% used [0x00000000d5580000,0x00000000d5580000,0x00000000d5780000)
  from space 2560K, 82% used [0x00000000d5780000,0x00000000d5990000,0x00000000d5a00000)
  to   space 2560K, 0% used [0x00000000d5a80000,0x00000000d5a80000,0x00000000d5d00000)
 ParOldGen       total 707072K, used 706971K [0x0000000080000000, 0x00000000ab280000, 0x00000000d5580000)
  object space 707072K, 99% used [0x0000000080000000,0x00000000ab266d40,0x00000000ab280000)
 Metaspace       used 94607K, committed 96448K, reserved 1179648K
  class space    used 9495K, committed 10304K, reserved 1048576K
}
Event: 15469.390 GC heap before
{Heap before GC invocations=4111 (full 7):
 PSYoungGen      total 4608K, used 4160K [0x00000000d5580000, 0x00000000d5d00000, 0x0000000100000000)
  eden space 2048K, 100% used [0x00000000d5580000,0x00000000d5780000,0x00000000d5780000)
  from space 2560K, 82% used [0x00000000d5780000,0x00000000d5990000,0x00000000d5a00000)
  to   space 2560K, 0% used [0x00000000d5a80000,0x00000000d5a80000,0x00000000d5d00000)
 ParOldGen       total 707072K, used 706971K [0x0000000080000000, 0x00000000ab280000, 0x00000000d5580000)
  object space 707072K, 99% used [0x0000000080000000,0x00000000ab266d40,0x00000000ab280000)
 Metaspace       used 94607K, committed 96448K, reserved 1179648K
  class space    used 9495K, committed 10304K, reserved 1048576K
}
Event: 15469.392 GC heap after
{Heap after GC invocations=4111 (full 7):
 PSYoungGen      total 3584K, used 640K [0x00000000d5580000, 0x00000000d5b80000, 0x0000000100000000)
  eden space 2560K, 0% used [0x00000000d5580000,0x00000000d5580000,0x00000000d5800000)
  from space 1024K, 62% used [0x00000000d5a80000,0x00000000d5b20000,0x00000000d5b80000)
  to   space 1536K, 0% used [0x00000000d5880000,0x00000000d5880000,0x00000000d5a00000)
 ParOldGen       total 709120K, used 708995K [0x0000000080000000, 0x00000000ab480000, 0x00000000d5580000)
  object space 709120K, 99% used [0x0000000080000000,0x00000000ab460d40,0x00000000ab480000)
 Metaspace       used 94607K, committed 96448K, reserved 1179648K
  class space    used 9495K, committed 10304K, reserved 1048576K
}
Event: 15469.404 GC heap before
{Heap before GC invocations=4112 (full 7):
 PSYoungGen      total 3584K, used 3200K [0x00000000d5580000, 0x00000000d5b80000, 0x0000000100000000)
  eden space 2560K, 100% used [0x00000000d5580000,0x00000000d5800000,0x00000000d5800000)
  from space 1024K, 62% used [0x00000000d5a80000,0x00000000d5b20000,0x00000000d5b80000)
  to   space 1536K, 0% used [0x00000000d5880000,0x00000000d5880000,0x00000000d5a00000)
 ParOldGen       total 709120K, used 708995K [0x0000000080000000, 0x00000000ab480000, 0x00000000d5580000)
  object space 709120K, 99% used [0x0000000080000000,0x00000000ab460d40,0x00000000ab480000)
 Metaspace       used 94610K, committed 96448K, reserved 1179648K
  class space    used 9495K, committed 10304K, reserved 1048576K
}
Event: 15469.407 GC heap after
{Heap after GC invocations=4112 (full 7):
 PSYoungGen      total 4608K, used 288K [0x00000000d5580000, 0x00000000d5b00000, 0x0000000100000000)
  eden space 3072K, 0% used [0x00000000d5580000,0x00000000d5580000,0x00000000d5880000)
  from space 1536K, 18% used [0x00000000d5880000,0x00000000d58c8000,0x00000000d5a00000)
  to   space 1024K, 0% used [0x00000000d5a00000,0x00000000d5a00000,0x00000000d5b00000)
 ParOldGen       total 709632K, used 709445K [0x0000000080000000, 0x00000000ab500000, 0x00000000d5580000)
  object space 709632K, 99% used [0x0000000080000000,0x00000000ab4d1550,0x00000000ab500000)
 Metaspace       used 94610K, committed 96448K, reserved 1179648K
  class space    used 9495K, committed 10304K, reserved 1048576K
}
Event: 15664.027 GC heap before
{Heap before GC invocations=4113 (full 7):
 PSYoungGen      total 4608K, used 3360K [0x00000000d5580000, 0x00000000d5b00000, 0x0000000100000000)
  eden space 3072K, 100% used [0x00000000d5580000,0x00000000d5880000,0x00000000d5880000)
  from space 1536K, 18% used [0x00000000d5880000,0x00000000d58c8000,0x00000000d5a00000)
  to   space 1024K, 0% used [0x00000000d5a00000,0x00000000d5a00000,0x00000000d5b00000)
 ParOldGen       total 709632K, used 709445K [0x0000000080000000, 0x00000000ab500000, 0x00000000d5580000)
  object space 709632K, 99% used [0x0000000080000000,0x00000000ab4d1550,0x00000000ab500000)
 Metaspace       used 94610K, committed 96448K, reserved 1179648K
  class space    used 9495K, committed 10304K, reserved 1048576K
}
Event: 15664.252 GC heap after
{Heap after GC invocations=4113 (full 7):
 PSYoungGen      total 4608K, used 192K [0x00000000d5580000, 0x00000000d5a80000, 0x0000000100000000)
  eden space 4096K, 0% used [0x00000000d5580000,0x00000000d5580000,0x00000000d5980000)
  from space 512K, 37% used [0x00000000d5a00000,0x00000000d5a30000,0x00000000d5a80000)
  to   space 512K, 0% used [0x00000000d5980000,0x00000000d5980000,0x00000000d5a00000)
 ParOldGen       total 710144K, used 709679K [0x0000000080000000, 0x00000000ab580000, 0x00000000d5580000)
  object space 710144K, 99% used [0x0000000080000000,0x00000000ab50bd50,0x00000000ab580000)
 Metaspace       used 94610K, committed 96448K, reserved 1179648K
  class space    used 9495K, committed 10304K, reserved 1048576K
}

Dll operation events (12 events):
Event: 0.013 Loaded shared library c:\Users\ASUS\.vscode\extensions\redhat.java-1.47.0-win32-x64\jre\21.0.8-win32-x86_64\bin\java.dll
Event: 0.141 Loaded shared library c:\Users\ASUS\.vscode\extensions\redhat.java-1.47.0-win32-x64\jre\21.0.8-win32-x86_64\bin\zip.dll
Event: 0.194 Loaded shared library C:\Users\ASUS\.vscode\extensions\redhat.java-1.47.0-win32-x64\jre\21.0.8-win32-x86_64\bin\instrument.dll
Event: 0.203 Loaded shared library C:\Users\ASUS\.vscode\extensions\redhat.java-1.47.0-win32-x64\jre\21.0.8-win32-x86_64\bin\net.dll
Event: 0.206 Loaded shared library C:\Users\ASUS\.vscode\extensions\redhat.java-1.47.0-win32-x64\jre\21.0.8-win32-x86_64\bin\nio.dll
Event: 0.215 Loaded shared library C:\Users\ASUS\.vscode\extensions\redhat.java-1.47.0-win32-x64\jre\21.0.8-win32-x86_64\bin\zip.dll
Event: 0.266 Loaded shared library C:\Users\ASUS\.vscode\extensions\redhat.java-1.47.0-win32-x64\jre\21.0.8-win32-x86_64\bin\jimage.dll
Event: 0.516 Loaded shared library c:\Users\ASUS\.vscode\extensions\redhat.java-1.47.0-win32-x64\jre\21.0.8-win32-x86_64\bin\verify.dll
Event: 2.947 Loaded shared library C:\Users\ASUS\AppData\Roaming\Code\User\globalStorage\redhat.java\1.47.0\config_win\org.eclipse.equinox.launcher\org.eclipse.equinox.launcher.win32.win32.x86_64_1.2.1400.v20250801-0854\eclipse_11916.dll
Event: 5.161 Loaded shared library C:\Users\ASUS\AppData\Local\Temp\jna-2018896\jna3517336105025468482.dll
Event: 8.149 Loaded shared library C:\Users\ASUS\.vscode\extensions\redhat.java-1.47.0-win32-x64\jre\21.0.8-win32-x86_64\bin\sunmscapi.dll
Event: 8.367 Loaded shared library C:\Users\ASUS\.vscode\extensions\redhat.java-1.47.0-win32-x64\jre\21.0.8-win32-x86_64\bin\extnet.dll

Deoptimization events (20 events):
Event: 5625.151 Thread 0x000001e31a043480 Uncommon trap: trap_request=0xffffffd6 fr.pc=0x000001e2c5b142dc relative=0x00000000000001bc
Event: 5625.151 Thread 0x000001e31a043480 Uncommon trap: reason=array_check action=maybe_recompile pc=0x000001e2c5b142dc method=java.util.Arrays.fill([Ljava/lang/Object;IILjava/lang/Object;)V @ 20 c2
Event: 5625.151 Thread 0x000001e31a043480 DEOPT PACKING pc=0x000001e2c5b142dc sp=0x0000005abafff020
Event: 5625.151 Thread 0x000001e31a043480 DEOPT UNPACKING pc=0x000001e2c3fc3aa2 sp=0x0000005abaffefc8 mode 2
Event: 15463.834 Thread 0x000001e31a045550 Uncommon trap: trap_request=0xffffffbe fr.pc=0x000001e2c5c63ddc relative=0x00000000000026fc
Event: 15463.834 Thread 0x000001e31a045550 Uncommon trap: reason=profile_predicate action=maybe_recompile pc=0x000001e2c5c63ddc method=org.eclipse.jdt.internal.compiler.ast.Annotation.resolveType(Lorg/eclipse/jdt/internal/compiler/lookup/BlockScope;)Lorg/eclipse/jdt/internal/compiler/lookup/TypeBi
Event: 15463.834 Thread 0x000001e31a045550 DEOPT PACKING pc=0x000001e2c5c63ddc sp=0x0000005abd1fea30
Event: 15463.835 Thread 0x000001e31a045550 DEOPT UNPACKING pc=0x000001e2c3fc3aa2 sp=0x0000005abd1fe9a0 mode 2
Event: 15463.835 Thread 0x000001e31a045550 Uncommon trap: trap_request=0xffffff6e fr.pc=0x000001e2c5c63f10 relative=0x0000000000002830
Event: 15463.835 Thread 0x000001e31a045550 Uncommon trap: reason=loop_limit_check action=maybe_recompile pc=0x000001e2c5c63f10 method=org.eclipse.jdt.internal.compiler.lookup.AnnotationBinding.setMethodBindings(Lorg/eclipse/jdt/internal/compiler/lookup/ReferenceBinding;[Lorg/eclipse/jdt/internal/c
Event: 15463.835 Thread 0x000001e31a045550 DEOPT PACKING pc=0x000001e2c5c63f10 sp=0x0000005abd1fea30
Event: 15463.835 Thread 0x000001e31a045550 DEOPT UNPACKING pc=0x000001e2c3fc3aa2 sp=0x0000005abd1fe8b0 mode 2
Event: 15463.837 Thread 0x000001e31a045550 Uncommon trap: trap_request=0xffffffde fr.pc=0x000001e2c5bc69b8 relative=0x0000000000001198
Event: 15463.837 Thread 0x000001e31a045550 Uncommon trap: reason=class_check action=maybe_recompile pc=0x000001e2c5bc69b8 method=org.eclipse.jdt.internal.compiler.ast.ASTNode.resolveNullDefaultAnnotations(Lorg/eclipse/jdt/internal/compiler/lookup/BlockScope;[Lorg/eclipse/jdt/internal/compiler/ast/
Event: 15463.837 Thread 0x000001e31a045550 DEOPT PACKING pc=0x000001e2c5bc69b8 sp=0x0000005abd1feb50
Event: 15463.838 Thread 0x000001e31a045550 DEOPT UNPACKING pc=0x000001e2c3fc3aa2 sp=0x0000005abd1fea40 mode 2
Event: 15469.396 Thread 0x000001e31a045550 Uncommon trap: trap_request=0xffffff45 fr.pc=0x000001e2c5a1ad60 relative=0x0000000000000120
Event: 15469.397 Thread 0x000001e31a045550 Uncommon trap: reason=unstable_if action=reinterpret pc=0x000001e2c5a1ad60 method=org.eclipse.jdt.ls.core.internal.text.correction.QuickAssistProcessor$1.visitNode(Lorg/eclipse/jdt/core/dom/ASTNode;)Z @ 46 c2
Event: 15469.397 Thread 0x000001e31a045550 DEOPT PACKING pc=0x000001e2c5a1ad60 sp=0x0000005abd1fed50
Event: 15469.397 Thread 0x000001e31a045550 DEOPT UNPACKING pc=0x000001e2c3fc3aa2 sp=0x0000005abd1fecc8 mode 2

Classes loaded (20 events):
Event: 1279.775 Loading class java/util/LinkedList$LLSpliterator
Event: 1279.775 Loading class java/util/LinkedList$LLSpliterator done
Event: 1279.847 Loading class java/io/CharArrayReader
Event: 1279.847 Loading class java/io/CharArrayReader done
Event: 1279.847 Loading class java/util/regex/Pattern$Bound
Event: 1279.848 Loading class java/util/regex/Pattern$Bound done
Event: 3130.982 Loading class java/util/stream/ReferencePipeline$15
Event: 3130.984 Loading class java/util/stream/ReferencePipeline$15 done
Event: 3130.986 Loading class java/util/stream/ReferencePipeline$15$1
Event: 3130.987 Loading class java/util/stream/ReferencePipeline$15$1 done
Event: 3169.903 Loading class java/nio/channels/CompletionHandler
Event: 3169.903 Loading class java/nio/channels/CompletionHandler done
Event: 3447.522 Loading class java/util/concurrent/ConcurrentHashMap$TreeNode
Event: 3447.523 Loading class java/util/concurrent/ConcurrentHashMap$TreeNode done
Event: 3447.524 Loading class java/util/concurrent/ConcurrentHashMap$TreeBin
Event: 3447.524 Loading class java/util/concurrent/ConcurrentHashMap$TreeBin done
Event: 3722.552 Loading class java/util/Collections$EmptyListIterator
Event: 3722.553 Loading class java/util/Collections$EmptyListIterator done
Event: 5494.574 Loading class com/sun/crypto/provider/HmacCore$HmacSHA384
Event: 5494.580 Loading class com/sun/crypto/provider/HmacCore$HmacSHA384 done

Classes unloaded (20 events):
Event: 3376.296 Thread 0x000001e2b7435350 Unloading class 0x000001e2d2017400 'java/lang/invoke/LambdaForm$MH+0x000001e2d2017400'
Event: 3376.296 Thread 0x000001e2b7435350 Unloading class 0x000001e2d2016400 'java/lang/invoke/LambdaForm$MH+0x000001e2d2016400'
Event: 3376.296 Thread 0x000001e2b7435350 Unloading class 0x000001e2d200d800 'java/lang/invoke/LambdaForm$MH+0x000001e2d200d800'
Event: 3376.296 Thread 0x000001e2b7435350 Unloading class 0x000001e2d200d400 'java/lang/invoke/LambdaForm$MH+0x000001e2d200d400'
Event: 3376.296 Thread 0x000001e2b7435350 Unloading class 0x000001e2d200d000 'java/lang/invoke/LambdaForm$MH+0x000001e2d200d000'
Event: 3376.296 Thread 0x000001e2b7435350 Unloading class 0x000001e2d200cc00 'java/lang/invoke/LambdaForm$MH+0x000001e2d200cc00'
Event: 3376.296 Thread 0x000001e2b7435350 Unloading class 0x000001e2d200c800 'java/lang/invoke/LambdaForm$BMH+0x000001e2d200c800'
Event: 3376.297 Thread 0x000001e2b7435350 Unloading class 0x000001e2d200c000 'java/lang/invoke/LambdaForm$DMH+0x000001e2d200c000'
Event: 3376.301 Thread 0x000001e2b7435350 Unloading class 0x000001e2d2008c00 'java/lang/invoke/LambdaForm$MH+0x000001e2d2008c00'
Event: 3376.301 Thread 0x000001e2b7435350 Unloading class 0x000001e2d2008800 'java/lang/invoke/LambdaForm$MH+0x000001e2d2008800'
Event: 3376.301 Thread 0x000001e2b7435350 Unloading class 0x000001e2d2008400 'java/lang/invoke/LambdaForm$MH+0x000001e2d2008400'
Event: 3376.301 Thread 0x000001e2b7435350 Unloading class 0x000001e2d2007000 'java/lang/invoke/LambdaForm$MH+0x000001e2d2007000'
Event: 3376.301 Thread 0x000001e2b7435350 Unloading class 0x000001e2d2006800 'java/lang/invoke/LambdaForm$MH+0x000001e2d2006800'
Event: 3376.301 Thread 0x000001e2b7435350 Unloading class 0x000001e2d2006400 'java/lang/invoke/LambdaForm$MH+0x000001e2d2006400'
Event: 3376.301 Thread 0x000001e2b7435350 Unloading class 0x000001e2d2006000 'java/lang/invoke/LambdaForm$MH+0x000001e2d2006000'
Event: 3376.301 Thread 0x000001e2b7435350 Unloading class 0x000001e2d2005c00 'java/lang/invoke/LambdaForm$BMH+0x000001e2d2005c00'
Event: 3376.301 Thread 0x000001e2b7435350 Unloading class 0x000001e2d2004800 'java/lang/invoke/LambdaForm$DMH+0x000001e2d2004800'
Event: 3376.305 Thread 0x000001e2b7435350 Unloading class 0x000001e2d2002400 'java/lang/invoke/LambdaForm$MH+0x000001e2d2002400'
Event: 3376.305 Thread 0x000001e2b7435350 Unloading class 0x000001e2d2002000 'java/lang/invoke/LambdaForm$MH+0x000001e2d2002000'
Event: 3376.305 Thread 0x000001e2b7435350 Unloading class 0x000001e2d2001800 'java/lang/invoke/LambdaForm$MH+0x000001e2d2001800'

Classes redefined (0 events):
No events

Internal exceptions (20 events):
Event: 15449.447 Thread 0x000001e31a043b10 Exception <a 'java/lang/NullPointerException'{0x00000000d573ba18}> (0x00000000d573ba18) 
thrown [s\src\hotspot\share\runtime\sharedRuntime.cpp, line 625]
Event: 15450.236 Thread 0x000001e31a043480 Implicit null exception at 0x000001e2bf57911b to 0x000001e2bf5796d5
Event: 15450.236 Thread 0x000001e31a043480 Exception <a 'java/lang/NullPointerException'{0x00000000d5868438}> (0x00000000d5868438) 
thrown [s\src\hotspot\share\runtime\sharedRuntime.cpp, line 625]
Event: 15450.393 Thread 0x000001e31a0441a0 Implicit null exception at 0x000001e2bf57911b to 0x000001e2bf5796d5
Event: 15450.393 Thread 0x000001e31a0441a0 Exception <a 'java/lang/NullPointerException'{0x00000000d57a89b0}> (0x00000000d57a89b0) 
thrown [s\src\hotspot\share\runtime\sharedRuntime.cpp, line 625]
Event: 15450.393 Thread 0x000001e31a0441a0 Implicit null exception at 0x000001e2bf57911b to 0x000001e2bf5796d5
Event: 15450.393 Thread 0x000001e31a0441a0 Exception <a 'java/lang/NullPointerException'{0x00000000d57abe80}> (0x00000000d57abe80) 
thrown [s\src\hotspot\share\runtime\sharedRuntime.cpp, line 625]
Event: 15450.467 Thread 0x000001e31a045550 Implicit null exception at 0x000001e2bf57911b to 0x000001e2bf5796d5
Event: 15450.467 Thread 0x000001e31a045550 Exception <a 'java/lang/NullPointerException'{0x00000000d58d5ad0}> (0x00000000d58d5ad0) 
thrown [s\src\hotspot\share\runtime\sharedRuntime.cpp, line 625]
Event: 15450.467 Thread 0x000001e31a045550 Implicit null exception at 0x000001e2bf57911b to 0x000001e2bf5796d5
Event: 15450.468 Thread 0x000001e31a045550 Exception <a 'java/lang/NullPointerException'{0x00000000d58d91f8}> (0x00000000d58d91f8) 
thrown [s\src\hotspot\share\runtime\sharedRuntime.cpp, line 625]
Event: 15463.823 Thread 0x000001e31a045550 Implicit null exception at 0x000001e2bf57911b to 0x000001e2bf5796d5
Event: 15463.823 Thread 0x000001e31a045550 Exception <a 'java/lang/NullPointerException'{0x00000000d57004c0}> (0x00000000d57004c0) 
thrown [s\src\hotspot\share\runtime\sharedRuntime.cpp, line 625]
Event: 15467.928 Thread 0x000001e31a045550 Implicit null exception at 0x000001e2bf57911b to 0x000001e2bf5796d5
Event: 15467.930 Thread 0x000001e31a045550 Exception <a 'java/lang/NullPointerException'{0x00000000d5675cb0}> (0x00000000d5675cb0) 
thrown [s\src\hotspot\share\runtime\sharedRuntime.cpp, line 625]
Event: 15469.360 Thread 0x000001e31a045550 Implicit null exception at 0x000001e2bf57911b to 0x000001e2bf5796d5
Event: 15469.360 Thread 0x000001e31a045550 Exception <a 'java/lang/NullPointerException'{0x00000000d577d4e0}> (0x00000000d577d4e0) 
thrown [s\src\hotspot\share\runtime\sharedRuntime.cpp, line 625]
Event: 15469.364 Thread 0x000001e31a045550 Implicit null exception at 0x000001e2bf57911b to 0x000001e2bf5796d5
Event: 15469.364 Thread 0x000001e31a045550 Exception <a 'java/lang/NullPointerException'{0x00000000d5580488}> (0x00000000d5580488) 
thrown [s\src\hotspot\share\runtime\sharedRuntime.cpp, line 625]
Event: 15469.396 Thread 0x000001e31a045550 Implicit null exception at 0x000001e2c5a1acc0 to 0x000001e2c5a1ad4c

ZGC Phase Switch (0 events):
No events

VM Operations (20 events):
Event: 15469.372 Executing VM operation: ParallelGCFailedAllocation (Allocation Failure)
Event: 15469.376 Executing VM operation: ParallelGCFailedAllocation (Allocation Failure) done
Event: 15469.378 Executing VM operation: ParallelGCFailedAllocation (Allocation Failure)
Event: 15469.380 Executing VM operation: ParallelGCFailedAllocation (Allocation Failure) done
Event: 15469.384 Executing VM operation: ParallelGCFailedAllocation (Allocation Failure)
Event: 15469.387 Executing VM operation: ParallelGCFailedAllocation (Allocation Failure) done
Event: 15469.390 Executing VM operation: ParallelGCFailedAllocation (Allocation Failure)
Event: 15469.392 Executing VM operation: ParallelGCFailedAllocation (Allocation Failure) done
Event: 15469.404 Executing VM operation: ParallelGCFailedAllocation (Allocation Failure)
Event: 15469.407 Executing VM operation: ParallelGCFailedAllocation (Allocation Failure) done
Event: 15510.206 Executing VM operation: HandshakeAllThreads (HandshakeForDeflation)
Event: 15510.206 Executing VM operation: HandshakeAllThreads (HandshakeForDeflation) done
Event: 15510.206 Executing VM operation: RendezvousGCThreads
Event: 15510.206 Executing VM operation: RendezvousGCThreads done
Event: 15630.517 Executing VM operation: HandshakeAllThreads (HandshakeForDeflation)
Event: 15630.521 Executing VM operation: HandshakeAllThreads (HandshakeForDeflation) done
Event: 15630.522 Executing VM operation: RendezvousGCThreads
Event: 15630.522 Executing VM operation: RendezvousGCThreads done
Event: 15664.026 Executing VM operation: ParallelGCFailedAllocation (Allocation Failure)
Event: 15664.252 Executing VM operation: ParallelGCFailedAllocation (Allocation Failure) done

Memory protections (0 events):
No events

Nmethod flushes (20 events):
Event: 4665.436 Thread 0x000001e2b7435350 flushing  nmethod 0x000001e2bf15c590
Event: 4665.436 Thread 0x000001e2b7435350 flushing  nmethod 0x000001e2bf16c610
Event: 4665.436 Thread 0x000001e2b7435350 flushing  nmethod 0x000001e2bf1a8e90
Event: 4665.436 Thread 0x000001e2b7435350 flushing  nmethod 0x000001e2bf1afa10
Event: 4665.436 Thread 0x000001e2b7435350 flushing  nmethod 0x000001e2bf217010
Event: 4665.437 Thread 0x000001e2b7435350 flushing  nmethod 0x000001e2bf22db90
Event: 4665.437 Thread 0x000001e2b7435350 flushing  nmethod 0x000001e2bf27f690
Event: 4665.437 Thread 0x000001e2b7435350 flushing  nmethod 0x000001e2bf2a5010
Event: 4665.437 Thread 0x000001e2b7435350 flushing  nmethod 0x000001e2bf3e0c90
Event: 4665.437 Thread 0x000001e2b7435350 flushing  nmethod 0x000001e2bf413210
Event: 4665.437 Thread 0x000001e2b7435350 flushing  nmethod 0x000001e2bf422910
Event: 4665.437 Thread 0x000001e2b7435350 flushing  nmethod 0x000001e2bf490d90
Event: 4665.437 Thread 0x000001e2b7435350 flushing  nmethod 0x000001e2bf4aab10
Event: 4665.437 Thread 0x000001e2b7435350 flushing  nmethod 0x000001e2bf4acf90
Event: 4665.437 Thread 0x000001e2b7435350 flushing  nmethod 0x000001e2bf4aef90
Event: 4665.437 Thread 0x000001e2b7435350 flushing  nmethod 0x000001e2bf4bf290
Event: 4665.437 Thread 0x000001e2b7435350 flushing  nmethod 0x000001e2bf4c3390
Event: 4665.438 Thread 0x000001e2b7435350 flushing  nmethod 0x000001e2bf4ceb90
Event: 4665.438 Thread 0x000001e2b7435350 flushing  nmethod 0x000001e2bf4e3210
Event: 4665.438 Thread 0x000001e2b7435350 flushing  nmethod 0x000001e2bf4e5a10

Events (20 events):
Event: 6055.438 Thread 0x000001e31a044ec0 Thread exited: 0x000001e31a044ec0
Event: 10871.387 Thread 0x000001e31846c8d0 Thread added: 0x000001e31a0441a0
Event: 10871.476 Thread 0x000001e31846c8d0 Thread added: 0x000001e31a045550
Event: 10940.844 Thread 0x000001e31a045550 Thread exited: 0x000001e31a045550
Event: 11001.053 Thread 0x000001e31a0441a0 Thread exited: 0x000001e31a0441a0
Event: 11120.519 Thread 0x000001e31846c8d0 Thread added: 0x000001e31a042760
Event: 11180.621 Thread 0x000001e31a042760 Thread exited: 0x000001e31a042760
Event: 11398.531 Thread 0x000001e31846c8d0 Thread added: 0x000001e31a044830
Event: 11458.619 Thread 0x000001e31a044830 Thread exited: 0x000001e31a044830
Event: 15448.098 Thread 0x000001e31846c8d0 Thread added: 0x000001e31a043480
Event: 15449.156 Thread 0x000001e31846c8d0 Thread added: 0x000001e31a043b10
Event: 15449.199 Thread 0x000001e31a043b10 Thread added: 0x000001e31a0441a0
Event: 15450.040 Thread 0x000001e31a043b10 Thread added: 0x000001e31a044830
Event: 15450.044 Thread 0x000001e31a043480 Thread added: 0x000001e31a044ec0
Event: 15450.045 Thread 0x000001e31a043480 Thread added: 0x000001e31a045550
Event: 15450.053 Thread 0x000001e31a044830 Thread added: 0x000001e31a045be0
Event: 15553.126 Thread 0x000001e31a045550 Thread exited: 0x000001e31a045550
Event: 15634.571 Thread 0x000001e31a0441a0 Thread exited: 0x000001e31a0441a0
Event: 15724.373 Thread 0x000001e31a043480 Thread exited: 0x000001e31a043480
Event: 15784.323 Thread 0x000001e31a044ec0 Thread exited: 0x000001e31a044ec0


Dynamic libraries:
0x00007ff759690000 - 0x00007ff75969e000 	c:\Users\ASUS\.vscode\extensions\redhat.java-1.47.0-win32-x64\jre\21.0.8-win32-x86_64\bin\java.exe
0x00007ffdbaca0000 - 0x00007ffdbaf08000 	C:\WINDOWS\SYSTEM32\ntdll.dll
0x00007ffdba200000 - 0x00007ffdba2c9000 	C:\WINDOWS\System32\KERNEL32.DLL
0x00007ffdb8380000 - 0x00007ffdb8772000 	C:\WINDOWS\System32\KERNELBASE.dll
0x00007ffdb8230000 - 0x00007ffdb837b000 	C:\WINDOWS\System32\ucrtbase.dll
0x00007ffd9df50000 - 0x00007ffd9df68000 	c:\Users\ASUS\.vscode\extensions\redhat.java-1.47.0-win32-x64\jre\21.0.8-win32-x86_64\bin\jli.dll
0x00007ffdb8a70000 - 0x00007ffdb8c35000 	C:\WINDOWS\System32\USER32.dll
0x00007ffdb7ed0000 - 0x00007ffdb7ef7000 	C:\WINDOWS\System32\win32u.dll
0x00007ffdba490000 - 0x00007ffdba4bb000 	C:\WINDOWS\System32\GDI32.dll
0x00007ffda6570000 - 0x00007ffda658e000 	c:\Users\ASUS\.vscode\extensions\redhat.java-1.47.0-win32-x64\jre\21.0.8-win32-x86_64\bin\VCRUNTIME140.dll
0x00007ffdb8100000 - 0x00007ffdb822d000 	C:\WINDOWS\System32\gdi32full.dll
0x00007ffdb8840000 - 0x00007ffdb88e3000 	C:\WINDOWS\System32\msvcp_win.dll
0x00007ffda2890000 - 0x00007ffda2b23000 	C:\WINDOWS\WinSxS\amd64_microsoft.windows.common-controls_6595b64144ccf1df_6.0.26100.6899_none_3e0efeeae32e88c1\COMCTL32.dll
0x00007ffdb8c60000 - 0x00007ffdb8d09000 	C:\WINDOWS\System32\msvcrt.dll
0x00007ffdb8e90000 - 0x00007ffdb8ebf000 	C:\WINDOWS\System32\IMM32.DLL
0x00007ffd9de40000 - 0x00007ffd9de4c000 	c:\Users\ASUS\.vscode\extensions\redhat.java-1.47.0-win32-x64\jre\21.0.8-win32-x86_64\bin\vcruntime140_1.dll
0x00007ffd7c000000 - 0x00007ffd7c08d000 	c:\Users\ASUS\.vscode\extensions\redhat.java-1.47.0-win32-x64\jre\21.0.8-win32-x86_64\bin\msvcp140.dll
0x00007ffd05bf0000 - 0x00007ffd06987000 	c:\Users\ASUS\.vscode\extensions\redhat.java-1.47.0-win32-x64\jre\21.0.8-win32-x86_64\bin\server\jvm.dll
0x00007ffdba2d0000 - 0x00007ffdba384000 	C:\WINDOWS\System32\ADVAPI32.dll
0x00007ffdba150000 - 0x00007ffdba1f6000 	C:\WINDOWS\System32\sechost.dll
0x00007ffdbaa10000 - 0x00007ffdbab28000 	C:\WINDOWS\System32\RPCRT4.dll
0x00007ffdba510000 - 0x00007ffdba584000 	C:\WINDOWS\System32\WS2_32.dll
0x00007ffdb7c90000 - 0x00007ffdb7cee000 	C:\WINDOWS\SYSTEM32\POWRPROF.dll
0x00007ffda74f0000 - 0x00007ffda7525000 	C:\WINDOWS\SYSTEM32\WINMM.dll
0x00007ffdaee40000 - 0x00007ffdaee4b000 	C:\WINDOWS\SYSTEM32\VERSION.dll
0x00007ffdb7c70000 - 0x00007ffdb7c84000 	C:\WINDOWS\SYSTEM32\UMPDC.dll
0x00007ffdb6c00000 - 0x00007ffdb6c1b000 	C:\WINDOWS\SYSTEM32\kernel.appcore.dll
0x00007ffd9ddc0000 - 0x00007ffd9ddca000 	c:\Users\ASUS\.vscode\extensions\redhat.java-1.47.0-win32-x64\jre\21.0.8-win32-x86_64\bin\jimage.dll
0x00007ffdb5570000 - 0x00007ffdb57b2000 	C:\WINDOWS\SYSTEM32\DBGHELP.DLL
0x00007ffdb9360000 - 0x00007ffdb96db000 	C:\WINDOWS\System32\combase.dll
0x00007ffdba3b0000 - 0x00007ffdba487000 	C:\WINDOWS\System32\OLEAUT32.dll
0x00007ffda0280000 - 0x00007ffda02bc000 	C:\WINDOWS\SYSTEM32\dbgcore.DLL
0x00007ffdb7e30000 - 0x00007ffdb7ec8000 	C:\WINDOWS\System32\bcryptPrimitives.dll
0x00007ffd9dd70000 - 0x00007ffd9dd7f000 	c:\Users\ASUS\.vscode\extensions\redhat.java-1.47.0-win32-x64\jre\21.0.8-win32-x86_64\bin\instrument.dll
0x00007ffd9dc90000 - 0x00007ffd9dcaf000 	c:\Users\ASUS\.vscode\extensions\redhat.java-1.47.0-win32-x64\jre\21.0.8-win32-x86_64\bin\java.dll
0x00007ffdb9900000 - 0x00007ffdba04d000 	C:\WINDOWS\System32\SHELL32.dll
0x00007ffdb7f00000 - 0x00007ffdb806b000 	C:\WINDOWS\System32\wintypes.dll
0x00007ffdb5a70000 - 0x00007ffdb62cd000 	C:\WINDOWS\SYSTEM32\windows.storage.dll
0x00007ffdb97a0000 - 0x00007ffdb9892000 	C:\WINDOWS\System32\SHCORE.dll
0x00007ffdbab60000 - 0x00007ffdbabc2000 	C:\WINDOWS\System32\shlwapi.dll
0x00007ffdb7d50000 - 0x00007ffdb7d79000 	C:\WINDOWS\SYSTEM32\profapi.dll
0x00007ffd9d680000 - 0x00007ffd9d698000 	c:\Users\ASUS\.vscode\extensions\redhat.java-1.47.0-win32-x64\jre\21.0.8-win32-x86_64\bin\zip.dll
0x00007ffd9dd60000 - 0x00007ffd9dd70000 	C:\Users\ASUS\.vscode\extensions\redhat.java-1.47.0-win32-x64\jre\21.0.8-win32-x86_64\bin\net.dll
0x00007ffdaef10000 - 0x00007ffdaf02f000 	C:\WINDOWS\SYSTEM32\WINHTTP.dll
0x00007ffdb7170000 - 0x00007ffdb71db000 	C:\WINDOWS\system32\mswsock.dll
0x00007ffd9dbe0000 - 0x00007ffd9dbf6000 	C:\Users\ASUS\.vscode\extensions\redhat.java-1.47.0-win32-x64\jre\21.0.8-win32-x86_64\bin\nio.dll
0x00007ffd9cd20000 - 0x00007ffd9cd30000 	c:\Users\ASUS\.vscode\extensions\redhat.java-1.47.0-win32-x64\jre\21.0.8-win32-x86_64\bin\verify.dll
0x00007ffd7c120000 - 0x00007ffd7c164000 	C:\Users\ASUS\AppData\Roaming\Code\User\globalStorage\redhat.java\1.47.0\config_win\org.eclipse.equinox.launcher\org.eclipse.equinox.launcher.win32.win32.x86_64_1.2.1400.v20250801-0854\eclipse_11916.dll
0x00007ffdba870000 - 0x00007ffdbaa08000 	C:\WINDOWS\System32\ole32.dll
0x00007ffdb7420000 - 0x00007ffdb743b000 	C:\WINDOWS\SYSTEM32\CRYPTSP.dll
0x00007ffdb6b60000 - 0x00007ffdb6b9b000 	C:\WINDOWS\system32\rsaenh.dll
0x00007ffdb7210000 - 0x00007ffdb723b000 	C:\WINDOWS\SYSTEM32\USERENV.dll
0x00007ffdb7d20000 - 0x00007ffdb7d46000 	C:\WINDOWS\SYSTEM32\bcrypt.dll
0x00007ffdb7440000 - 0x00007ffdb744c000 	C:\WINDOWS\SYSTEM32\CRYPTBASE.dll
0x00007ffdb6620000 - 0x00007ffdb6654000 	C:\WINDOWS\SYSTEM32\IPHLPAPI.DLL
0x00007ffdb8c50000 - 0x00007ffdb8c5a000 	C:\WINDOWS\System32\NSI.dll
0x00007ffd82be0000 - 0x00007ffd82c29000 	C:\Users\ASUS\AppData\Local\Temp\jna-2018896\jna3517336105025468482.dll
0x00007ffdb8e80000 - 0x00007ffdb8e88000 	C:\WINDOWS\System32\PSAPI.DLL
0x00007ffdaed90000 - 0x00007ffdaedae000 	C:\WINDOWS\SYSTEM32\dhcpcsvc6.DLL
0x00007ffdaeea0000 - 0x00007ffdaeec3000 	C:\WINDOWS\SYSTEM32\dhcpcsvc.DLL
0x00007ffdb16e0000 - 0x00007ffdb16ee000 	C:\Users\ASUS\.vscode\extensions\redhat.java-1.47.0-win32-x64\jre\21.0.8-win32-x86_64\bin\sunmscapi.dll
0x00007ffdb88f0000 - 0x00007ffdb8a67000 	C:\WINDOWS\System32\CRYPT32.dll
0x00007ffdb7640000 - 0x00007ffdb7670000 	C:\WINDOWS\SYSTEM32\ncrypt.dll
0x00007ffdb75f0000 - 0x00007ffdb762f000 	C:\WINDOWS\SYSTEM32\NTASN1.dll
0x00007ffdb66c0000 - 0x00007ffdb67e6000 	C:\WINDOWS\SYSTEM32\DNSAPI.dll
0x00007ffda86c0000 - 0x00007ffda86cb000 	C:\Windows\System32\rasadhlp.dll
0x00007ffdab640000 - 0x00007ffdab6c6000 	C:\WINDOWS\System32\fwpuclnt.dll
0x00007ffdabaa0000 - 0x00007ffdabaa9000 	C:\Users\ASUS\.vscode\extensions\redhat.java-1.47.0-win32-x64\jre\21.0.8-win32-x86_64\bin\extnet.dll
0x00007ffd76850000 - 0x00007ffd76858000 	C:\WINDOWS\system32\wshunix.dll

JVMTI agents:
c:\Users\ASUS\.vscode\extensions\redhat.java-1.47.0-win32-x64\lombok\lombok-1.18.39-4050.jar path:c:\Users\ASUS\.vscode\extensions\redhat.java-1.47.0-win32-x64\jre\21.0.8-win32-x86_64\bin\instrument.dll, loaded, initialized, instrumentlib options:none

dbghelp: loaded successfully - version: 4.0.5 - missing functions: none
symbol engine: initialized successfully - sym options: 0x614 - pdb path: .;c:\Users\ASUS\.vscode\extensions\redhat.java-1.47.0-win32-x64\jre\21.0.8-win32-x86_64\bin;C:\WINDOWS\SYSTEM32;C:\WINDOWS\WinSxS\amd64_microsoft.windows.common-controls_6595b64144ccf1df_6.0.26100.6899_none_3e0efeeae32e88c1;c:\Users\ASUS\.vscode\extensions\redhat.java-1.47.0-win32-x64\jre\21.0.8-win32-x86_64\bin\server;C:\Users\ASUS\AppData\Roaming\Code\User\globalStorage\redhat.java\1.47.0\config_win\org.eclipse.equinox.launcher\org.eclipse.equinox.launcher.win32.win32.x86_64_1.2.1400.v20250801-0854;C:\Users\ASUS\AppData\Local\Temp\jna-2018896

VM Arguments:
jvm_args: --add-modules=ALL-SYSTEM --add-opens=java.base/java.util=ALL-UNNAMED --add-opens=java.base/java.lang=ALL-UNNAMED --add-opens=java.base/sun.nio.fs=ALL-UNNAMED -Declipse.application=org.eclipse.jdt.ls.core.id1 -Dosgi.bundles.defaultStartLevel=4 -Declipse.product=org.eclipse.jdt.ls.core.product -Djava.import.generatesMetadataFilesAtProjectRoot=false -DDetectVMInstallationsJob.disabled=true -Dfile.encoding=utf8 -XX:+UseParallelGC -XX:GCTimeRatio=4 -XX:AdaptiveSizePolicyWeight=90 -Dsun.zip.disableMemoryMapping=true -Xmx2G -Xms100m -Xlog:disable -javaagent:c:\Users\ASUS\.vscode\extensions\redhat.java-1.47.0-win32-x64\lombok\lombok-1.18.39-4050.jar -XX:+HeapDumpOnOutOfMemoryError -XX:HeapDumpPath=c:\Users\ASUS\AppData\Roaming\Code\User\workspaceStorage\e82beeda5a9d4401312f9ee5fc678fe1\redhat.java -Daether.dependencyCollector.impl=bf 
java_command: c:\Users\ASUS\.vscode\extensions\redhat.java-1.47.0-win32-x64\server\plugins\org.eclipse.equinox.launcher_1.7.100.v20251014-1222.jar -configuration c:\Users\ASUS\AppData\Roaming\Code\User\globalStorage\redhat.java\1.47.0\config_win -data c:\Users\ASUS\AppData\Roaming\Code\User\workspaceStorage\e82beeda5a9d4401312f9ee5fc678fe1\redhat.java\jdt_ws --pipe=\\.\pipe\lsp-59f96408a040a9beb1d485685f67bbd5-sock
java_class_path (initial): c:\Users\ASUS\.vscode\extensions\redhat.java-1.47.0-win32-x64\server\plugins\org.eclipse.equinox.launcher_1.7.100.v20251014-1222.jar
Launcher Type: SUN_STANDARD

[Global flags]
    uintx AdaptiveSizePolicyWeight                 = 90                                        {product} {command line}
     intx CICompilerCount                          = 4                                         {product} {ergonomic}
    uintx GCTimeRatio                              = 4                                         {product} {command line}
     bool HeapDumpOnOutOfMemoryError               = true                                   {manageable} {command line}
    ccstr HeapDumpPath                             = c:\Users\ASUS\AppData\Roaming\Code\User\workspaceStorage\e82beeda5a9d4401312f9ee5fc678fe1\redhat.java         {manageable} {command line}
   size_t InitialHeapSize                          = 104857600                                 {product} {command line}
   size_t MaxHeapSize                              = 2147483648                                {product} {command line}
   size_t MaxNewSize                               = 715653120                                 {product} {ergonomic}
   size_t MinHeapDeltaBytes                        = 524288                                    {product} {ergonomic}
   size_t MinHeapSize                              = 104857600                                 {product} {command line}
   size_t NewSize                                  = 34603008                                  {product} {ergonomic}
    uintx NonNMethodCodeHeapSize                   = 5839372                                {pd product} {ergonomic}
    uintx NonProfiledCodeHeapSize                  = 122909434                              {pd product} {ergonomic}
   size_t OldSize                                  = 70254592                                  {product} {ergonomic}
    uintx ProfiledCodeHeapSize                     = 122909434                              {pd product} {ergonomic}
    uintx ReservedCodeCacheSize                    = 251658240                              {pd product} {ergonomic}
     bool SegmentedCodeCache                       = true                                      {product} {ergonomic}
   size_t SoftMaxHeapSize                          = 2147483648                             {manageable} {ergonomic}
     bool UseCompressedOops                        = true                           {product lp64_product} {ergonomic}
     bool UseLargePagesIndividualAllocation        = false                                  {pd product} {ergonomic}
     bool UseParallelGC                            = true                                      {product} {command line}

Logging:
Log output configuration:
 #0: stdout all=off uptime,level,tags foldmultilines=false
 #1: stderr all=off uptime,level,tags foldmultilines=false

Environment Variables:
PATH=C:\Program Files (x86)\NVIDIA Corporation\PhysX\Common;C:\Program Files\Common Files\Oracle\Java\javapath;C:\Program Files (x86)\Common Files\Oracle\Java\javapath;C:\WINDOWS\system32;C:\WINDOWS;C:\WINDOWS\System32\Wbem;C:\WINDOWS\System32\WindowsPowerShell\v1.0\;C:\WINDOWS\System32\OpenSSH\;C:\Program Files (x86)\Microsoft SQL Server\160\Tools\Binn\;C:\Program Files\Microsoft SQL Server\160\Tools\Binn\;C:\Program Files\Microsoft SQL Server\Client SDK\ODBC\170\Tools\Binn\;C:\Program Files\Microsoft SQL Server\160\DTS\Binn\;C:\Program Files\dotnet\;C:\Program Files\PostgreSQL\16\bin;C:\Program Files\nodejs\;C:\xampp\php;C:\ProgramData\ComposerSetup\bin;C:\Program Files\Microsoft SQL Server\150\Tools\Binn\;C:\Program Files\Microsoft SQL Server\130\DTS\Binn\;C:\Program Files\Microsoft SQL Server\140\DTS\Binn\;C:\Program Files\Microsoft SQL Server\150\DTS\Binn\;C:\Program Files\cursor\resources\app\bin;C:\Program Files\Microsoft SQL Server\170\DTS\Binn\;C:\Program Files (x86)\Microsoft SQL Server\160\DTS\Binn\;C:\Program Files\Git\cmd;C:\Users\ASUS\AppData\Local\Programs\Python\Python312\Scripts\;C:\Users\ASUS\AppData\Local\Programs\Python\Python312\;C:\Users\ASUS\AppData\Local\Microsoft\WindowsApps;C:\Users\ASUS\AppData\Local\Programs\Microsoft VS Code\bin;C:\Users\ASUS\AppData\Roaming\npm;C:\Users\ASUS\AppData\Roaming\Composer\vendor\bin;C:\Users\ASUS\AppData\Local\Programs\cursor\resources\app\bin
USERNAME=ASUS
OS=Windows_NT
PROCESSOR_IDENTIFIER=Intel64 Family 6 Model 165 Stepping 2, GenuineIntel
TMP=C:\Users\ASUS\AppData\Local\Temp
TEMP=C:\Users\ASUS\AppData\Local\Temp




Periodic native trim disabled

---------------  S Y S T E M  ---------------

OS:
 Windows 11 , 64 bit Build 26100 (10.0.26100.6725)
OS uptime: 9 days 5:25 hours
Hyper-V role detected

CPU: total 8 (initial active 8) (4 cores per cpu, 2 threads per core) family 6 model 165 stepping 2 microcode 0xe0, cx8, cmov, fxsr, ht, mmx, 3dnowpref, sse, sse2, sse3, ssse3, sse4.1, sse4.2, popcnt, lzcnt, tsc, tscinvbit, avx, avx2, aes, erms, clmul, bmi1, bmi2, adx, fma, vzeroupper, clflush, clflushopt, hv, rdtscp, f16c
Processor Information for the first 8 processors :
  Max Mhz: 2496, Current Mhz: 2496, Mhz Limit: 2496

Memory: 4k page, system-wide physical 8028M (929M free)
TotalPageFile size 32604M (AvailPageFile size 2M)
current process WorkingSet (physical memory assigned to process): 8M, peak: 676M
current process commit charge ("private bytes"): 1081M, peak: 1754M

vm_info: OpenJDK 64-Bit Server VM (21.0.8+9-LTS) for windows-amd64 JRE (21.0.8+9-LTS), built on 2025-07-15T00:00:00Z by "admin" with MS VC++ 17.7 (VS2022)

END.
